slurmstepd: error: couldn't chdir to `/sps/nemo/scratch/ktrofimi/Attempt/data_folder/whaa/$TMPDIR': No such file or directory: going to /tmp instead
slurmstepd: error: couldn't chdir to `/sps/nemo/scratch/ktrofimi/Attempt/data_folder/whaa/$TMPDIR': No such file or directory: going to /tmp instead
[notice:virtual void mctools::g4::manager::_init_core():1186] Main manager settings...
[notice:void mctools::g4::manager::add_supported_output_profile(const string&, const string&):744] Output profile 'calo_details' is supported.
[notice:void mctools::g4::manager::add_supported_output_profile(const string&, const string&):744] Output profile 'tracker_details' is supported.
[notice:void mctools::g4::manager::add_supported_output_profile(const string&, const string&):744] Output profile 'source_details' is supported.
[notice:void mctools::g4::manager::add_supported_output_profile(const string&, const string&):744] Output profile 'all_details' is supported.
[notice:void mctools::g4::manager::_init_seeds():1609] Using registered seed for 'MGR' : 647061112
[notice:void mctools::g4::manager::_init_seeds():1618] Using registered seed for 'VG' : 196531544
[notice:void mctools::g4::manager::_init_seeds():1627] Using registered seed for 'EG' : 314004694
[notice:void mctools::g4::manager::_init_seeds():1636] Using registered seed for 'SHPF' : 208849754
[notice:virtual void mctools::g4::manager::_init_prngs():1786] Setting the HepRandomEngine to 'mctools::g4::g4_prng'...
[notice:virtual void mctools::g4::manager::_init_geometry():1356] Geometry manager settings...
[notice:virtual void mctools::g4::manager::_init_geometry():1358] Use external geometry manager...
[notice:virtual void mctools::g4::manager::_init_vertex_generator():1389] Vertex generator settings...
[notice:virtual void mctools::g4::manager::_init_event_generator():1438] Primary event generator settings...
HepRandomEngine::put called -- no effect!
[notice:virtual void mctools::g4::manager::_init_detector_construction():1478] Detector construction...
[notice:virtual void mctools::g4::manager::_init_physics_list():1492] Physics list initialization...
[notice:virtual void mctools::g4::manager::_init_run_action():1506] Run action initialization...
[notice:virtual void mctools::g4::manager::_init_event_action():1532] Event action initialization...
[notice:virtual void mctools::g4::manager::_init_primary_generator_action():1545] Primary generator action initialization...
[notice:virtual void mctools::g4::manager::_init_tracking_action():1564] Tracking action initialization...
[notice:virtual void mctools::g4::manager::_init_stepping_action():1574] Stepping action initialization...
[notice:virtual void mctools::g4::manager::_init_stacking_action():1584] Stacking action initialization...
[notice:virtual void mctools::g4::manager::initialize_impl():952] G4 kernel initialization...
[notice] SHPF: Step hit processor: 'calorimeter.hit_processor' (instantiated) :
[notice] |-- Logging priority   : fatal
[notice] |-- Name               : 'calorimeter.hit_processor'
[notice] |-- Hit category       : 'calo'
[notice] |-- Sensitive category : 'calorimeter_SD'
[notice] |-- Geometry manager   : 0x1c90370
[notice] |-- Auxiliary properties : 
[notice] |   `-- Name : 'sensitive.category'
[notice] |       |-- Type  : string (scalar)
[notice] |       `-- Value : 'calorimeter_SD'
[notice] |-- Private pool : 0x35d69a0
[notice] |-- Pool owner   : 0
[notice] |-- Pool         : 0x35d69a0
[notice] |-- Time range : 1 (ns)
[notice] |-- Space range : 10 (mm)
[notice] |-- Mapping category : 'calorimeter_block'
[notice] |-- Mapping    : 0x1c90730
[notice] |-- Categories : 0x1c906c8 [54]
[notice] `-- Calorimeter block type : 1302
[notice] SHPF: Step hit processor: 'gg.hit_processor' (instantiated) :
[notice] |-- Logging priority   : fatal
[notice] |-- Name               : 'gg.hit_processor'
[notice] |-- Hit category       : 'gg'
[notice] |-- Sensitive category : 'tracker_SD'
[notice] |-- Geometry manager   : 0x1c90370
[notice] |-- Auxiliary properties : 
[notice] |   `-- Name : 'sensitive.category'
[notice] |       |-- Type  : string (scalar)
[notice] |       `-- Value : 'tracker_SD'
[notice] |-- Private pool : 0
[notice] |-- Pool owner   : 0
[notice] `-- Pool         : 0
[notice] SHPF: Step hit processor: 'gveto.hit_processor' (instantiated) :
[notice] |-- Logging priority   : fatal
[notice] |-- Name               : 'gveto.hit_processor'
[notice] |-- Hit category       : 'gveto'
[notice] |-- Sensitive category : 'gveto_SD'
[notice] |-- Geometry manager   : 0x1c90370
[notice] |-- Auxiliary properties : 
[notice] |   `-- Name : 'sensitive.category'
[notice] |       |-- Type  : string (scalar)
[notice] |       `-- Value : 'gveto_SD'
[notice] |-- Private pool : 0x363afd0
[notice] |-- Pool owner   : 0
[notice] |-- Pool         : 0x363afd0
[notice] |-- Time range : 1 (ns)
[notice] |-- Space range : 10 (mm)
[notice] |-- Mapping category : 'gveto_block'
[notice] |-- Mapping    : 0x1c90730
[notice] |-- Categories : 0x1c906c8 [54]
[notice] `-- Calorimeter block type : 1252
[notice] SHPF: Step hit processor: 'xcalorimeter.hit_processor' (instantiated) :
[notice] |-- Logging priority   : fatal
[notice] |-- Name               : 'xcalorimeter.hit_processor'
[notice] |-- Hit category       : 'xcalo'
[notice] |-- Sensitive category : 'xcalorimeter_SD'
[notice] |-- Geometry manager   : 0x1c90370
[notice] |-- Auxiliary properties : 
[notice] |   `-- Name : 'sensitive.category'
[notice] |       |-- Type  : string (scalar)
[notice] |       `-- Value : 'xcalorimeter_SD'
[notice] |-- Private pool : 0x35d4fa0
[notice] |-- Pool owner   : 0
[notice] |-- Pool         : 0x35d4fa0
[notice] |-- Time range : 1 (ns)
[notice] |-- Space range : 10 (mm)
[notice] |-- Mapping category : 'xcalo_block'
[notice] |-- Mapping    : 0x1c90730
[notice] |-- Categories : 0x1c906c8 [54]
[notice] `-- Calorimeter block type : 1232
[warning:void mctools::g4::em_field_g4_stuff::initialize(const datatools::properties&):256] Using default EM field stepper for field labelled 'module'!
[warning:void mctools::g4::em_field_g4_stuff::initialize(const datatools::properties&):333] Field labelled 'module' is propagated to daughter volumes!
[notice:static void mctools::g4::manager_parameters::setup(const mctools::g4::manager_parameters&, mctools::g4::manager&):269] Simulation manager has been configured and initialized.
Error in cling::AutoLoadingVisitor::InsertIntoAutoLoadingState:
   Missing FileEntry for brio/detail/TArrayCMod.h
   requested to autoload type TArrayCMod
Error in cling::AutoLoadingVisitor::InsertIntoAutoLoadingState:
   Missing FileEntry for brio/detail/brio_record.h
   requested to autoload type brio_record
[notice:void mctools::g4::manager::run_simulation():188] Starting the simulation...
[notice:virtual void mctools::g4::manager::run_simulation_impl():1051] Entering batch mode...
[notice:virtual void mctools::g4::manager::run_simulation_impl():1063] Entering automatic mode...
[notice:virtual void mctools::g4::manager::run_simulation_impl():1099] G4 command = /run/beamOn 1000000000
HepRandomEngine::put called -- no effect!
[notice:virtual void mctools::g4::manager::run_simulation_impl():1112] Record the final PRNG internal states after the session has stopped normaly.
[notice:void mctools::g4::manager::run_simulation():190] Simulation stops !
Error in cling::AutoLoadingVisitor::InsertIntoAutoLoadingState:
   Missing FileEntry for brio/detail/TArrayCMod.h
   requested to autoload type TArrayCMod
Error in cling::AutoLoadingVisitor::InsertIntoAutoLoadingState:
   Missing FileEntry for brio/detail/brio_record.h
   requested to autoload type brio_record
[warning:datatools::properties& datatools::multi_properties::add_impl2(const string&, const string&):534] Key 'flsimulate' will ignore meta 'flsimulate::section' !
[warning:datatools::properties& datatools::multi_properties::add_impl2(const string&, const string&):534] Key 'flsimulate.simulation' will ignore meta 'flsimulate::section' !
[warning:datatools::properties& datatools::multi_properties::add_impl2(const string&, const string&):534] Key 'flsimulate.variantService' will ignore meta 'flsimulate::section' !
[warning:datatools::properties& datatools::multi_properties::add_impl2(const string&, const string&):534] Key 'flsimulate.services' will ignore meta 'flsimulate::section' !
[notice:void datatools::library_loader::_init():467] Automatic loading of library 'Falaise_CAT'...
[notice:void datatools::library_loader::_init():467] Automatic loading of library 'TrackFit'...
[notice:void datatools::library_loader::_init():467] Automatic loading of library 'Falaise_TrackFit'...
[notice:void datatools::library_loader::_init():467] Automatic loading of library 'Falaise_ChargedParticleTracking'...
[notice:void datatools::library_loader::_init():467] Automatic loading of library 'GammaTracking'...
[notice:void datatools::library_loader::_init():467] Automatic loading of library 'Falaise_GammaClustering'...
[warning:datatools::properties& datatools::multi_properties::add_impl2(const string&, const string&):534] Key 'flsimulate' will ignore meta 'flsimulate::section' !
[warning:datatools::properties& datatools::multi_properties::add_impl2(const string&, const string&):534] Key 'flsimulate.simulation' will ignore meta 'flsimulate::section' !
[warning:datatools::properties& datatools::multi_properties::add_impl2(const string&, const string&):534] Key 'flsimulate.variantService' will ignore meta 'flsimulate::section' !
[warning:datatools::properties& datatools::multi_properties::add_impl2(const string&, const string&):534] Key 'flsimulate.services' will ignore meta 'flsimulate::section' !
[debug:snreco::detail::GeigerTimePartitioner::GeigerTimePartitioner(double, bool, bool, bool):32] maxDelayedHitTimeGap  = 10 us
[debug:snreco::detail::GeigerTimePartitioner::GeigerTimePartitioner(double, bool, bool, bool):33] classifyPromptHits_   = true
[debug:snreco::detail::GeigerTimePartitioner::GeigerTimePartitioner(double, bool, bool, bool):34] classifyDelayedHits_  = true
[debug:snreco::detail::GeigerTimePartitioner::GeigerTimePartitioner(double, bool, bool, bool):35] isSplitChamber_       = true
CAT::clusterizer::initialize: Entering...
CAT::clusterizer::readDstProper: Entering...
CAT::clusterizer::readDstProper: SuperNemo kind of data
CAT::clusterizer::readDstProper: small radius 2 mm
CAT::clusterizer::readDstProper: tangent phi 20
CAT::clusterizer::readDstProper: tangent theta 160
CAT::clusterizer::readDstProper: small number 0.1 mm
CAT::clusterizer::readDstProper: quadrant angle 90
CAT::clusterizer::readDstProper: ratio 10000
CAT::clusterizer::readDstProper: compatibility distance 4
CAT::clusterizer::readDstProper: maximum chi2 3
CAT::clusterizer::readDstProper: probmin 0
CAT::clusterizer::readDstProper: first event number -1
CAT::clusterizer::readDstProper: cell pitch:  43.95 mm
CAT::clusterizer::readDstProper: verbosity print level: 2
CAT::clusterizer::readDstProper: Done.
CAT::clusterizer::initialize: Done.
CAT::sequentiator::readDstProper: SuperNemo kind of data
|-- Store       : (11)
|-- Hit ID      : 0
|-- Geometry ID : [1302:0.1.15.8.1]
|-- Auxiliaries : <empty>
|-- Category      : 'calo'
|-- From          : 'last'
|-- Extrapolation : 'line'
|-- Spot          : 
|   |-- Store       : (1000)
|   |-- Hit ID      : <none>
|   |-- Geometry ID : <none>
|   |-- Auxiliaries : <empty>
|   |-- Dimension : 3
|   |-- Placement : 
|   |   |-- Number of items  = 1
|   |   |-- Valid : 1
|   |   |-- Translation : (435,1560.15,651.569)
|   |   |-- Euler Angles (ZYZ): Yes
|   |   |   |-- Phi :   0 degree
|   |   |   |-- Theta : 0 degree
|   |   |   `-- Delta : 0 degree
|   |-- X-error : 1 mm
|   |-- Y-error : nan mm
|   |-- Z-error : nan mm
|   `-- Tolerance : 1e-07 mm
|-- Distance      : 43.5801 mm
|-- XY-distance   : 35.2436 mm
|-- Edge          : true
`-- Best      : true
|-- Store       : (11)
|-- Hit ID      : 0
|-- Geometry ID : [1130:0.8.5]
|-- Auxiliaries : <empty>
|-- Category      : 'foil'
|-- From          : 'first'
|-- Extrapolation : 'line'
|-- Spot          : 
|   |-- Store       : (1000)
|   |-- Hit ID      : <none>
|   |-- Geometry ID : <none>
|   |-- Auxiliaries : <empty>
|   |-- Dimension : 3
|   |-- Placement : 
|   |   |-- Number of items  = 1
|   |   |-- Valid : true
|   |   |-- Translation : (0.125,-1337.1,346.699)
|   |   |-- Euler Angles (ZYZ): Yes
|   |   |   |-- Phi :   0 degree
|   |   |   |-- Theta : 0 degree
|   |   |   `-- Delta : 0 degree
|   |-- X-error : 1 mm
|   |-- Y-error : nan mm
|   |-- Z-error : nan mm
|   `-- Tolerance : 1e-07 mm
|-- Distance      : 75.3693 mm
|-- XY-distance   : 58.8653 mm
|-- Edge          : false
`-- Best      : false
|-- Store       : (11)
|-- Hit ID      : 1
|-- Geometry ID : [1302:0.1.4.6.1]
|-- Auxiliaries : <empty>
|-- Category      : 'calo'
|-- From          : 'last'
|-- Extrapolation : 'line'
|-- Spot          : 
|   |-- Store       : (1000)
|   |-- Hit ID      : <none>
|   |-- Geometry ID : <none>
|   |-- Auxiliaries : <empty>
|   |-- Dimension : 3
|   |-- Placement : 
|   |   |-- Number of items  = 1
|   |   |-- Valid : true
|   |   |-- Translation : (435,-1404.87,-23.5296)
|   |   |-- Euler Angles (ZYZ): Yes
|   |   |   |-- Phi :   0 degree
|   |   |   |-- Theta : 0 degree
|   |   |   `-- Delta : 0 degree
|   |-- X-error : 1 mm
|   |-- Y-error : nan mm
|   |-- Z-error : nan mm
|   `-- Tolerance : 1e-07 mm
|-- Distance      : 37.4805 mm
|-- XY-distance   : 29.2732 mm
|-- Edge          : false
`-- Best      : true
|-- Store       : (11)
|-- Hit ID      : 0
|-- Geometry ID : [1130:0.13.1]
|-- Auxiliaries : <empty>
|-- Category      : 'foil'
|-- From          : 'first'
|-- Extrapolation : 'line'
|-- Spot          : 
|   |-- Store       : (1000)
|   |-- Hit ID      : <none>
|   |-- Geometry ID : <none>
|   |-- Auxiliaries : <empty>
|   |-- Dimension : 3
|   |-- Placement : 
|   |   |-- Number of items  = 1
|   |   |-- Valid : true
|   |   |-- Translation : (-0.125,-650.6,-685.933)
|   |   |-- Euler Angles (ZYZ): Yes
|   |   |   |-- Phi :   0 degree
|   |   |   |-- Theta : 0 degree
|   |   |   `-- Delta : 0 degree
|   |-- X-error : 1 mm
|   |-- Y-error : nan mm
|   |-- Z-error : nan mm
|   `-- Tolerance : 1e-07 mm
|-- Distance      : 73.7243 mm
|-- XY-distance   : 53.4128 mm
|-- Edge          : false
`-- Best      : false
|-- Store       : (11)
|-- Hit ID      : 1
|-- Geometry ID : [1302:0.0.6.1.1]
|-- Auxiliaries : <empty>
|-- Category      : 'calo'
|-- From          : 'last'
|-- Extrapolation : 'line'
|-- Spot          : 
|   |-- Store       : (1000)
|   |-- Hit ID      : <none>
|   |-- Geometry ID : <none>
|   |-- Auxiliaries : <empty>
|   |-- Dimension : 3
|   |-- Placement : 
|   |   |-- Number of items  = 1
|   |   |-- Valid : true
|   |   |-- Translation : (-435,-954.595,-1203.59)
|   |   |-- Euler Angles (ZYZ): Yes
|   |   |   |-- Phi :   0 degree
|   |   |   |-- Theta : 0 degree
|   |   |   `-- Delta : 0 degree
|   |-- X-error : 1 mm
|   |-- Y-error : nan mm
|   |-- Z-error : nan mm
|   `-- Tolerance : 1e-07 mm
|-- Distance      : 58.4009 mm
|-- XY-distance   : 42.3111 mm
|-- Edge          : false
`-- Best      : true
|-- Store       : (11)
|-- Hit ID      : 0
|-- Geometry ID : [1130:0.2.1]
|-- Auxiliaries : <empty>
|-- Category      : 'foil'
|-- From          : 'first'
|-- Extrapolation : 'line'
|-- Spot          : 
|   |-- Store       : (1000)
|   |-- Hit ID      : <none>
|   |-- Geometry ID : <none>
|   |-- Auxiliaries : <empty>
|   |-- Dimension : 3
|   |-- Placement : 
|   |   |-- Number of items  = 1
|   |   |-- Valid : true
|   |   |-- Translation : (0.125,-2123.95,-709.19)
|   |   |-- Euler Angles (ZYZ): Yes
|   |   |   |-- Phi :   0 degree
|   |   |   |-- Theta : 0 degree
|   |   |   `-- Delta : 0 degree
|   |-- X-error : 1 mm
|   |-- Y-error : nan mm
|   |-- Z-error : nan mm
|   `-- Tolerance : 1e-07 mm
|-- Distance      : 96.2053 mm
|-- XY-distance   : 92.555 mm
|-- Edge          : false
`-- Best      : false
|-- Store       : (11)
|-- Hit ID      : 1
|-- Geometry ID : [1232:0.1.0.1.3]
|-- Auxiliaries : <empty>
|-- Category      : 'xcalo'
|-- From          : 'last'
|-- Extrapolation : 'line'
|-- Spot          : 
|   |-- Store       : (1000)
|   |-- Hit ID      : <none>
|   |-- Geometry ID : <none>
|   |-- Auxiliaries : <empty>
|   |-- Dimension : 3
|   |-- Placement : 
|   |   |-- Number of items  = 1
|   |   |-- Valid : true
|   |   |-- Translation : (287.801,-2505.5,-844.913)
|   |   |-- Euler Angles (ZYZ): Yes
|   |   |   |-- Phi :   0 degree
|   |   |   |-- Theta : 0 degree
|   |   |   `-- Delta : 0 degree
|   |-- X-error : 1 mm
|   |-- Y-error : nan mm
|   |-- Z-error : nan mm
|   `-- Tolerance : 1e-07 mm
|-- Distance      : 42.1659 mm
|-- XY-distance   : 40.566 mm
|-- Edge          : true
`-- Best      : true
|-- Store       : (11)
|-- Hit ID      : 0
|-- Geometry ID : [1130:0.2.1]
|-- Auxiliaries : <empty>
|-- Category      : 'foil'
|-- From          : 'first'
|-- Extrapolation : 'line'
|-- Spot          : 
|   |-- Store       : (1000)
|   |-- Hit ID      : <none>
|   |-- Geometry ID : <none>
|   |-- Auxiliaries : <empty>
|   |-- Dimension : 3
|   |-- Placement : 
|   |   |-- Number of items  = 1
|   |   |-- Valid : true
|   |   |-- Translation : (0.125,-2127.31,-709.974)
|   |   |-- Euler Angles (ZYZ): Yes
|   |   |   |-- Phi :   0 degree
|   |   |   |-- Theta : 0 degree
|   |   |   `-- Delta : 0 degree
|   |-- X-error : 1 mm
|   |-- Y-error : nan mm
|   |-- Z-error : nan mm
|   `-- Tolerance : 1e-07 mm
|-- Distance      : 93.342 mm
|-- XY-distance   : 89.7975 mm
|-- Edge          : false
`-- Best      : false
|-- Store       : (11)
|-- Hit ID      : 1
|-- Geometry ID : [1232:0.1.0.1.3]
|-- Auxiliaries : <empty>
|-- Category      : 'xcalo'
|-- From          : 'last'
|-- Extrapolation : 'line'
|-- Spot          : 
|   |-- Store       : (1000)
|   |-- Hit ID      : <none>
|   |-- Geometry ID : <none>
|   |-- Auxiliaries : <empty>
|   |-- Dimension : 3
|   |-- Placement : 
|   |   |-- Number of items  = 1
|   |   |-- Valid : true
|   |   |-- Translation : (286.215,-2505.5,-844.63)
|   |   |-- Euler Angles (ZYZ): Yes
|   |   |   |-- Phi :   0 degree
|   |   |   |-- Theta : 0 degree
|   |   |   `-- Delta : 0 degree
|   |-- X-error : 1 mm
|   |-- Y-error : nan mm
|   |-- Z-error : nan mm
|   `-- Tolerance : 1e-07 mm
|-- Distance      : 41.3708 mm
|-- XY-distance   : 39.7998 mm
|-- Edge          : true
`-- Best      : true
|-- Store       : (11)
|-- Hit ID      : 0
|-- Geometry ID : [1130:0.8.4]
|-- Auxiliaries : <empty>
|-- Category      : 'foil'
|-- From          : 'first'
|-- Extrapolation : 'line'
|-- Spot          : 
|   |-- Store       : (1000)
|   |-- Hit ID      : <none>
|   |-- Geometry ID : <none>
|   |-- Auxiliaries : <empty>
|   |-- Dimension : 3
|   |-- Placement : 
|   |   |-- Number of items  = 1
|   |   |-- Valid : true
|   |   |-- Translation : (0.125,-1353.49,145.739)
|   |   |-- Euler Angles (ZYZ): Yes
|   |   |   |-- Phi :   0 degree
|   |   |   |-- Theta : 0 degree
|   |   |   `-- Delta : 0 degree
|   |-- X-error : 1 mm
|   |-- Y-error : nan mm
|   |-- Z-error : nan mm
|   `-- Tolerance : 1e-07 mm
|-- Distance      : 81.7842 mm
|-- XY-distance   : 62.5358 mm
|-- Edge          : false
`-- Best      : false
|-- Store       : (11)
|-- Hit ID      : 1
|-- Geometry ID : [1302:0.1.6.9.1]
|-- Auxiliaries : <empty>
|-- Category      : 'calo'
|-- From          : 'last'
|-- Extrapolation : 'line'
|-- Spot          : 
|   |-- Store       : (1000)
|   |-- Hit ID      : <none>
|   |-- Geometry ID : <none>
|   |-- Auxiliaries : <empty>
|   |-- Dimension : 3
|   |-- Placement : 
|   |   |-- Number of items  = 1
|   |   |-- Valid : true
|   |   |-- Translation : (435,-910.787,677.509)
|   |   |-- Euler Angles (ZYZ): Yes
|   |   |   |-- Phi :   0 degree
|   |   |   |-- Theta : 0 degree
|   |   |   `-- Delta : 0 degree
|   |-- X-error : 1 mm
|   |-- Y-error : nan mm
|   |-- Z-error : nan mm
|   `-- Tolerance : 1e-07 mm
|-- Distance      : 84.4599 mm
|-- XY-distance   : 64.5818 mm
|-- Edge          : true
`-- Best      : true
|-- Store       : (11)
|-- Hit ID      : 0
|-- Geometry ID : [1130:0.4.1]
|-- Auxiliaries : <empty>
|-- Category      : 'foil'
|-- From          : 'first'
|-- Extrapolation : 'line'
|-- Spot          : 
|   |-- Store       : (1000)
|   |-- Hit ID      : <none>
|   |-- Geometry ID : <none>
|   |-- Auxiliaries : <empty>
|   |-- Dimension : 3
|   |-- Placement : 
|   |   |-- Number of items  = 1
|   |   |-- Valid : true
|   |   |-- Translation : (-0.125,-1923.89,-989.095)
|   |   |-- Euler Angles (ZYZ): Yes
|   |   |   |-- Phi :   0 degree
|   |   |   |-- Theta : 0 degree
|   |   |   `-- Delta : 0 degree
|   |-- X-error : 1 mm
|   |-- Y-error : nan mm
|   |-- Z-error : nan mm
|   `-- Tolerance : 1e-07 mm
|-- Distance      : 52.5704 mm
|-- XY-distance   : 52.1935 mm
|-- Edge          : false
`-- Best      : false
|-- Store       : (11)
|-- Hit ID      : 1
|-- Geometry ID : [1302:0.0.2.2.1]
|-- Auxiliaries : <empty>
|-- Category      : 'calo'
|-- From          : 'last'
|-- Extrapolation : 'line'
|-- Spot          : 
|   |-- Store       : (1000)
|   |-- Hit ID      : <none>
|   |-- Geometry ID : <none>
|   |-- Auxiliaries : <empty>
|   |-- Dimension : 3
|   |-- Placement : 
|   |   |-- Number of items  = 1
|   |   |-- Valid : true
|   |   |-- Translation : (-435,-1923.04,-936.736)
|   |   |-- Euler Angles (ZYZ): Yes
|   |   |   |-- Phi :   0 degree
|   |   |   |-- Theta : 0 degree
|   |   |   `-- Delta : 0 degree
|   |-- X-error : 1 mm
|   |-- Y-error : nan mm
|   |-- Z-error : nan mm
|   `-- Tolerance : 1e-07 mm
|-- Distance      : 29.4944 mm
|-- XY-distance   : 29.283 mm
|-- Edge          : true
`-- Best      : true
|-- Store       : (11)
|-- Hit ID      : 0
|-- Geometry ID : [1130:0.3.1]
|-- Auxiliaries : <empty>
|-- Category      : 'foil'
|-- From          : 'last'
|-- Extrapolation : 'line'
|-- Spot          : 
|   |-- Store       : (1000)
|   |-- Hit ID      : <none>
|   |-- Geometry ID : <none>
|   |-- Auxiliaries : <empty>
|   |-- Dimension : 3
|   |-- Placement : 
|   |   |-- Number of items  = 1
|   |   |-- Valid : true
|   |   |-- Translation : (-0.125,-1948.11,-989.095)
|   |   |-- Euler Angles (ZYZ): Yes
|   |   |   |-- Phi :   0 degree
|   |   |   |-- Theta : 0 degree
|   |   |   `-- Delta : 0 degree
|   |-- X-error : 1 mm
|   |-- Y-error : nan mm
|   |-- Z-error : nan mm
|   `-- Tolerance : 1e-07 mm
|-- Distance      : 52.5704 mm
|-- XY-distance   : 52.1935 mm
|-- Edge          : false
`-- Best      : false
|-- Store       : (11)
|-- Hit ID      : 1
|-- Geometry ID : [1302:0.0.2.2.1]
|-- Auxiliaries : <empty>
|-- Category      : 'calo'
|-- From          : 'first'
|-- Extrapolation : 'line'
|-- Spot          : 
|   |-- Store       : (1000)
|   |-- Hit ID      : <none>
|   |-- Geometry ID : <none>
|   |-- Auxiliaries : <empty>
|   |-- Dimension : 3
|   |-- Placement : 
|   |   |-- Number of items  = 1
|   |   |-- Valid : true
|   |   |-- Translation : (-435,-1948.96,-936.736)
|   |   |-- Euler Angles (ZYZ): Yes
|   |   |   |-- Phi :   0 degree
|   |   |   |-- Theta : 0 degree
|   |   |   `-- Delta : 0 degree
|   |-- X-error : 1 mm
|   |-- Y-error : nan mm
|   |-- Z-error : nan mm
|   `-- Tolerance : 1e-07 mm
|-- Distance      : 29.4944 mm
|-- XY-distance   : 29.283 mm
|-- Edge          : true
`-- Best      : true
[debug:falaise::exit_code FLReconstruct::do_pipeline(const FLReconstruct::FLReconstructParams&):181] Input module is terminated
[notice:falaise::exit_code FLReconstruct::do_pipeline(const FLReconstruct::FLReconstructParams&):246] Number of processed input data records = 10
CAT::clusterizer::finalize: Ending algorithm clusterizer...
CAT::clusterizer::finalize: Initial events:  0
CAT::clusterizer::finalize: Skipped events:  0 ( -nan %)
CAT::clockable::dump: time of ' clusterizer: clusterize ' : 40.306 ms (100 %)
CAT::clockable::dump: time of ' clusterizer: is good couplet ' : 10.854 ms (26.929 %)
CAT::clockable::dump: time of ' clusterizer: get near cells ' : 0.456 ms (1.13135 %)
CAT::clockable::dump: time of ' clusterizer: prepare event ' : 0.251 ms (0.622736 %)
CAT::clockable::dump: time of ' clusterizer: finalize ' : 0.039 ms (0.0967598 %)
CAT::clockable::dump: time of ' clusterizer: order cells ' : 0.033 ms (0.0818737 %)
CAT::clockable::dump: time of ' clusterizer: setup_clusters ' : 0.004 ms (0.00992408 %)
CAT::sequentiator::finalize: Ending algorithm sequentiator
CAT::sequentiator::finalize: Initial events:  0
CAT::sequentiator::finalize: Skipped events:  0 ( -nan %)
CAT::clockable::dump: time of ' sequentiator: sequentiate ' : 41.152 ms (100 %)
CAT::clockable::dump: time of ' sequentiator: evolve ' : 21.729 ms (52.8018 %)
CAT::clockable::dump: time of ' sequentiator: evolve: part B ' : 19.447 ms (47.2565 %)
CAT::clockable::dump: time of ' sequentiator: pick new cell ' : 17.378 ms (42.2288 %)
CAT::clockable::dump: time of ' sequentiator: make new sequence ' : 14.703 ms (35.7285 %)
CAT::clockable::dump: time of ' sequentiator: make copy sequence ' : 13.683 ms (33.2499 %)
CAT::clockable::dump: time of ' sequentiator: make copy sequence: part A ' : 9.504 ms (23.0949 %)
CAT::clockable::dump: time of ' sequentiator: make copy sequence: evolve ' : 8.863 ms (21.5372 %)
CAT::clockable::dump: time of ' sequentiator: clean up sequences ' : 5.883 ms (14.2958 %)
CAT::clockable::dump: time of ' sequentiator: manage copy sequence ' : 4.049 ms (9.83913 %)
CAT::clockable::dump: time of ' sequentiator: can match ' : 2.977 ms (7.23416 %)
CAT::clockable::dump: time of ' sequentiator: interpret physics ' : 2.88 ms (6.99844 %)
CAT::clockable::dump: time of ' sequentiator: evolve: part C ' : 2.112 ms (5.13219 %)
CAT::clockable::dump: time of ' sequentiator: set free level ' : 2.039 ms (4.9548 %)
CAT::clockable::dump: time of ' sequentiator: direct out of foil ' : 1.825 ms (4.43478 %)
CAT::clockable::dump: time of ' sequentiator: copy to lfn ' : 0.617 ms (1.49932 %)
CAT::clockable::dump: time of ' sequentiator: make scenarios ' : 0.607 ms (1.47502 %)
CAT::clockable::dump: time of ' sequentiator: evolve: part B: noc ' : 0.49 ms (1.19071 %)
CAT::clockable::dump: time of ' sequentiator: evolve: part B: set free level ' : 0.468 ms (1.13725 %)
CAT::clockable::dump: time of ' sequentiator: can add family ' : 0.216 ms (0.524883 %)
CAT::clockable::dump: time of ' sequentiator: make families ' : 0.08 ms (0.194401 %)
CAT::clockable::dump: time of ' sequentiator: evolve: part A ' : 0.073 ms (0.177391 %)
CAT::clockable::dump: time of ' sequentiator: copy sequence ' : 0.064 ms (0.155521 %)
CAT::clockable::dump: time of ' sequentiator: copy scenario ' : 0.054 ms (0.131221 %)
CAT::clockable::dump: time of ' sequentiator: get link index ' : 0.033 ms (0.0801905 %)
CAT::clockable::dump: time of ' sequentiator: good first node ' : 0.023 ms (0.0558904 %)
CAT::clockable::dump: time of ' sequentiator: better scenario ' : 0.015 ms (0.0364502 %)
CAT::clockable::dump: time of ' sequentiator: calculate scenario ' : 0.008 ms (0.0194401 %)
CAT::clockable::dump: time of ' sequentiator: make copy sequence: part A: beta ' : 0.006 ms (0.0145801 %)
CAT::clockable::dump: time of ' sequentiator: there is free sequence beginning with ' : 0.004 ms (0.00972006 %)
CAT::clockable::dump: time of ' sequentiator: direct scenarios out of foil ' : 0.004 ms (0.00972006 %)
CAT::clockable::dump: time of ' sequentiator: make copy sequence: part A: alpha ' : 0.002 ms (0.00486003 %)
CAT::clockable::dump: time of ' sequentiator: finalize ' : 0.001 ms (0.00243002 %)
CAT::clockable::dump: time of ' sequentiator: match gaps ' : 0 ms (0 %)
CAT::clockable::dump: time of ' sequentiator: sequentiation ' : 0 ms (0 %)
Error in cling::AutoLoadingVisitor::InsertIntoAutoLoadingState:
   Missing FileEntry for brio/detail/TArrayCMod.h
   requested to autoload type TArrayCMod
Error in cling::AutoLoadingVisitor::InsertIntoAutoLoadingState:
   Missing FileEntry for brio/detail/brio_record.h
   requested to autoload type brio_record
[warning:datatools::properties& datatools::multi_properties::add_impl2(const string&, const string&):534] Key 'flreconstruct' will ignore meta 'flreconstruct::section' !
[warning:datatools::properties& datatools::multi_properties::add_impl2(const string&, const string&):534] Key 'flreconstruct.variantService' will ignore meta 'flreconstruct::section' !
[warning:datatools::properties& datatools::multi_properties::add_impl2(const string&, const string&):534] Key 'flreconstruct.services' will ignore meta 'flreconstruct::section' !
[warning:datatools::properties& datatools::multi_properties::add_impl2(const string&, const string&):534] Key 'flreconstruct.pipeline' will ignore meta 'flreconstruct::section' !
[notice:void datatools::library_loader::_init():467] Automatic loading of library 'SensitivityModule'...
Warning in <TClassTable::Add>: class timespec already in TClassTable
malloc(): invalid size (unsorted)
/var/spool/slurmd/job29419764/slurm_script: line 29: 3632988 Aborted                 (core dumped) flreconstruct -i /sps/nemo/scratch/ktrofimi/Attempt/data_folder/whaa/0/reco_Tl208_1.brio -p /sps/nemo/scratch/ktrofimi/Falaise_tutorial/SensitivityModule/build/SensitivityModuleExample.conf
mv: cannot stat 'sensitivity.root': No such file or directory
Error in <TFile::TFile>: file /tmp/./sensitivity.root does not exist

 *** Break *** segmentation violation



===========================================================
There was a crash.
This is the entire stack trace of all threads:
===========================================================
#0  0x0000154cfccd89fa in wait4 () from /lib64/libc.so.6
#1  0x0000154cfcc4b243 in do_system () from /lib64/libc.so.6
#2  0x0000154cfd6e229c in TUnixSystem::StackTrace() () from /sps/nemo/sw/redhat-9-x86_64/snsw/opt/root-6.26.06/bin/../lib/root/libCore.so.6.26
#3  0x0000154cfd6df995 in TUnixSystem::DispatchSignals(ESignals) () from /sps/nemo/sw/redhat-9-x86_64/snsw/opt/root-6.26.06/bin/../lib/root/libCore.so.6.26
#4  <signal handler called>
#5  0x0000154cfd3de0f8 in ?? ()
#6  0x0000000000000000 in ?? ()
===========================================================


The lines below might hint at the cause of the crash.
You may get help by asking at the ROOT forum https://root.cern/forum
Only if you are really convinced it is a bug in ROOT then please submit a
report at https://root.cern/bugs Please post the ENTIRE stack trace
from above as an attachment in addition to anything else
that might help us fixing this issue.
===========================================================
#5  0x0000154cfd3de0f8 in ?? ()
#6  0x0000000000000000 in ?? ()
===========================================================


slurmstepd: error: run_script_as_user: couldn't change working dir to /sps/nemo/scratch/ktrofimi/Attempt/data_folder/whaa/$TMPDIR: No such file or directory
