slurmstepd: error: couldn't chdir to `/sps/nemo/scratch/ktrofimi/Attempt/data_folder/whaa/$TMPDIR': No such file or directory: going to /tmp instead
slurmstepd: error: couldn't chdir to `/sps/nemo/scratch/ktrofimi/Attempt/data_folder/whaa/$TMPDIR': No such file or directory: going to /tmp instead
[notice:virtual void mctools::g4::manager::_init_core():1186] Main manager settings...
[notice:void mctools::g4::manager::add_supported_output_profile(const string&, const string&):744] Output profile 'calo_details' is supported.
[notice:void mctools::g4::manager::add_supported_output_profile(const string&, const string&):744] Output profile 'tracker_details' is supported.
[notice:void mctools::g4::manager::add_supported_output_profile(const string&, const string&):744] Output profile 'source_details' is supported.
[notice:void mctools::g4::manager::add_supported_output_profile(const string&, const string&):744] Output profile 'all_details' is supported.
[notice:void mctools::g4::manager::_init_seeds():1609] Using registered seed for 'MGR' : 253601578
[notice:void mctools::g4::manager::_init_seeds():1618] Using registered seed for 'VG' : 1060658670
[notice:void mctools::g4::manager::_init_seeds():1627] Using registered seed for 'EG' : 774153300
[notice:void mctools::g4::manager::_init_seeds():1636] Using registered seed for 'SHPF' : 604857760
[notice:virtual void mctools::g4::manager::_init_prngs():1786] Setting the HepRandomEngine to 'mctools::g4::g4_prng'...
[notice:virtual void mctools::g4::manager::_init_geometry():1356] Geometry manager settings...
[notice:virtual void mctools::g4::manager::_init_geometry():1358] Use external geometry manager...
[notice:virtual void mctools::g4::manager::_init_vertex_generator():1389] Vertex generator settings...
[notice:virtual void mctools::g4::manager::_init_event_generator():1438] Primary event generator settings...
HepRandomEngine::put called -- no effect!
[notice:virtual void mctools::g4::manager::_init_detector_construction():1478] Detector construction...
[notice:virtual void mctools::g4::manager::_init_physics_list():1492] Physics list initialization...
[notice:virtual void mctools::g4::manager::_init_run_action():1506] Run action initialization...
[notice:virtual void mctools::g4::manager::_init_event_action():1532] Event action initialization...
[notice:virtual void mctools::g4::manager::_init_primary_generator_action():1545] Primary generator action initialization...
[notice:virtual void mctools::g4::manager::_init_tracking_action():1564] Tracking action initialization...
[notice:virtual void mctools::g4::manager::_init_stepping_action():1574] Stepping action initialization...
[notice:virtual void mctools::g4::manager::_init_stacking_action():1584] Stacking action initialization...
[notice:virtual void mctools::g4::manager::initialize_impl():952] G4 kernel initialization...
[notice] SHPF: Step hit processor: 'calorimeter.hit_processor' (instantiated) :
[notice] |-- Logging priority   : fatal
[notice] |-- Name               : 'calorimeter.hit_processor'
[notice] |-- Hit category       : 'calo'
[notice] |-- Sensitive category : 'calorimeter_SD'
[notice] |-- Geometry manager   : 0x270d370
[notice] |-- Auxiliary properties : 
[notice] |   `-- Name : 'sensitive.category'
[notice] |       |-- Type  : string (scalar)
[notice] |       `-- Value : 'calorimeter_SD'
[notice] |-- Private pool : 0x4059090
[notice] |-- Pool owner   : 0
[notice] |-- Pool         : 0x4059090
[notice] |-- Time range : 1 (ns)
[notice] |-- Space range : 10 (mm)
[notice] |-- Mapping category : 'calorimeter_block'
[notice] |-- Mapping    : 0x270d730
[notice] |-- Categories : 0x270d6c8 [54]
[notice] `-- Calorimeter block type : 1302
[notice] SHPF: Step hit processor: 'gg.hit_processor' (instantiated) :
[notice] |-- Logging priority   : fatal
[notice] |-- Name               : 'gg.hit_processor'
[notice] |-- Hit category       : 'gg'
[notice] |-- Sensitive category : 'tracker_SD'
[notice] |-- Geometry manager   : 0x270d370
[notice] |-- Auxiliary properties : 
[notice] |   `-- Name : 'sensitive.category'
[notice] |       |-- Type  : string (scalar)
[notice] |       `-- Value : 'tracker_SD'
[notice] |-- Private pool : 0
[notice] |-- Pool owner   : 0
[notice] `-- Pool         : 0
[notice] SHPF: Step hit processor: 'gveto.hit_processor' (instantiated) :
[notice] |-- Logging priority   : fatal
[notice] |-- Name               : 'gveto.hit_processor'
[notice] |-- Hit category       : 'gveto'
[notice] |-- Sensitive category : 'gveto_SD'
[notice] |-- Geometry manager   : 0x270d370
[notice] |-- Auxiliary properties : 
[notice] |   `-- Name : 'sensitive.category'
[notice] |       |-- Type  : string (scalar)
[notice] |       `-- Value : 'gveto_SD'
[notice] |-- Private pool : 0x40bcc50
[notice] |-- Pool owner   : 0
[notice] |-- Pool         : 0x40bcc50
[notice] |-- Time range : 1 (ns)
[notice] |-- Space range : 10 (mm)
[notice] |-- Mapping category : 'gveto_block'
[notice] |-- Mapping    : 0x270d730
[notice] |-- Categories : 0x270d6c8 [54]
[notice] `-- Calorimeter block type : 1252
[notice] SHPF: Step hit processor: 'xcalorimeter.hit_processor' (instantiated) :
[notice] |-- Logging priority   : fatal
[notice] |-- Name               : 'xcalorimeter.hit_processor'
[notice] |-- Hit category       : 'xcalo'
[notice] |-- Sensitive category : 'xcalorimeter_SD'
[notice] |-- Geometry manager   : 0x270d370
[notice] |-- Auxiliary properties : 
[notice] |   `-- Name : 'sensitive.category'
[notice] |       |-- Type  : string (scalar)
[notice] |       `-- Value : 'xcalorimeter_SD'
[notice] |-- Private pool : 0x42ac930
[notice] |-- Pool owner   : 0
[notice] |-- Pool         : 0x42ac930
[notice] |-- Time range : 1 (ns)
[notice] |-- Space range : 10 (mm)
[notice] |-- Mapping category : 'xcalo_block'
[notice] |-- Mapping    : 0x270d730
[notice] |-- Categories : 0x270d6c8 [54]
[notice] `-- Calorimeter block type : 1232
[warning:void mctools::g4::em_field_g4_stuff::initialize(const datatools::properties&):256] Using default EM field stepper for field labelled 'module'!
[warning:void mctools::g4::em_field_g4_stuff::initialize(const datatools::properties&):333] Field labelled 'module' is propagated to daughter volumes!
[notice:static void mctools::g4::manager_parameters::setup(const mctools::g4::manager_parameters&, mctools::g4::manager&):269] Simulation manager has been configured and initialized.
Error in cling::AutoLoadingVisitor::InsertIntoAutoLoadingState:
   Missing FileEntry for brio/detail/TArrayCMod.h
   requested to autoload type TArrayCMod
Error in cling::AutoLoadingVisitor::InsertIntoAutoLoadingState:
   Missing FileEntry for brio/detail/brio_record.h
   requested to autoload type brio_record
[notice:void mctools::g4::manager::run_simulation():188] Starting the simulation...
[notice:virtual void mctools::g4::manager::run_simulation_impl():1051] Entering batch mode...
[notice:virtual void mctools::g4::manager::run_simulation_impl():1063] Entering automatic mode...
[notice:virtual void mctools::g4::manager::run_simulation_impl():1099] G4 command = /run/beamOn 1000000000
HepRandomEngine::put called -- no effect!
[notice:virtual void mctools::g4::manager::run_simulation_impl():1112] Record the final PRNG internal states after the session has stopped normaly.
[notice:void mctools::g4::manager::run_simulation():190] Simulation stops !
Error in cling::AutoLoadingVisitor::InsertIntoAutoLoadingState:
   Missing FileEntry for brio/detail/TArrayCMod.h
   requested to autoload type TArrayCMod
Error in cling::AutoLoadingVisitor::InsertIntoAutoLoadingState:
   Missing FileEntry for brio/detail/brio_record.h
   requested to autoload type brio_record
[warning:datatools::properties& datatools::multi_properties::add_impl2(const string&, const string&):534] Key 'flsimulate' will ignore meta 'flsimulate::section' !
[warning:datatools::properties& datatools::multi_properties::add_impl2(const string&, const string&):534] Key 'flsimulate.simulation' will ignore meta 'flsimulate::section' !
[warning:datatools::properties& datatools::multi_properties::add_impl2(const string&, const string&):534] Key 'flsimulate.variantService' will ignore meta 'flsimulate::section' !
[warning:datatools::properties& datatools::multi_properties::add_impl2(const string&, const string&):534] Key 'flsimulate.services' will ignore meta 'flsimulate::section' !
[notice:void datatools::library_loader::_init():467] Automatic loading of library 'Falaise_CAT'...
[notice:void datatools::library_loader::_init():467] Automatic loading of library 'TrackFit'...
[notice:void datatools::library_loader::_init():467] Automatic loading of library 'Falaise_TrackFit'...
[notice:void datatools::library_loader::_init():467] Automatic loading of library 'Falaise_ChargedParticleTracking'...
[notice:void datatools::library_loader::_init():467] Automatic loading of library 'GammaTracking'...
[notice:void datatools::library_loader::_init():467] Automatic loading of library 'Falaise_GammaClustering'...
[warning:datatools::properties& datatools::multi_properties::add_impl2(const string&, const string&):534] Key 'flsimulate' will ignore meta 'flsimulate::section' !
[warning:datatools::properties& datatools::multi_properties::add_impl2(const string&, const string&):534] Key 'flsimulate.simulation' will ignore meta 'flsimulate::section' !
[warning:datatools::properties& datatools::multi_properties::add_impl2(const string&, const string&):534] Key 'flsimulate.variantService' will ignore meta 'flsimulate::section' !
[warning:datatools::properties& datatools::multi_properties::add_impl2(const string&, const string&):534] Key 'flsimulate.services' will ignore meta 'flsimulate::section' !
[debug:snreco::detail::GeigerTimePartitioner::GeigerTimePartitioner(double, bool, bool, bool):32] maxDelayedHitTimeGap  = 10 us
[debug:snreco::detail::GeigerTimePartitioner::GeigerTimePartitioner(double, bool, bool, bool):33] classifyPromptHits_   = true
[debug:snreco::detail::GeigerTimePartitioner::GeigerTimePartitioner(double, bool, bool, bool):34] classifyDelayedHits_  = true
[debug:snreco::detail::GeigerTimePartitioner::GeigerTimePartitioner(double, bool, bool, bool):35] isSplitChamber_       = true
CAT::clusterizer::initialize: Entering...
CAT::clusterizer::readDstProper: Entering...
CAT::clusterizer::readDstProper: SuperNemo kind of data
CAT::clusterizer::readDstProper: small radius 2 mm
CAT::clusterizer::readDstProper: tangent phi 20
CAT::clusterizer::readDstProper: tangent theta 160
CAT::clusterizer::readDstProper: small number 0.1 mm
CAT::clusterizer::readDstProper: quadrant angle 90
CAT::clusterizer::readDstProper: ratio 10000
CAT::clusterizer::readDstProper: compatibility distance 4
CAT::clusterizer::readDstProper: maximum chi2 3
CAT::clusterizer::readDstProper: probmin 0
CAT::clusterizer::readDstProper: first event number -1
CAT::clusterizer::readDstProper: cell pitch:  43.95 mm
CAT::clusterizer::readDstProper: verbosity print level: 2
CAT::clusterizer::readDstProper: Done.
CAT::clusterizer::initialize: Done.
CAT::sequentiator::readDstProper: SuperNemo kind of data
|-- Store       : (11)
|-- Hit ID      : 0
|-- Geometry ID : [1130:0.6.5]
|-- Auxiliaries : <empty>
|-- Category      : 'foil'
|-- From          : 'first'
|-- Extrapolation : 'helix'
|-- Spot          : 
|   |-- Store       : (1000)
|   |-- Hit ID      : <none>
|   |-- Geometry ID : <none>
|   |-- Auxiliaries : <empty>
|   |-- Dimension : 3
|   |-- Placement : 
|   |   |-- Number of items  = 1
|   |   |-- Valid : 1
|   |   |-- Translation : (-0.125,-1537.24,413.13)
|   |   |-- Euler Angles (ZYZ): Yes
|   |   |   |-- Phi :   0 degree
|   |   |   |-- Theta : 0 degree
|   |   |   `-- Delta : 0 degree
|   |-- X-error : 1 mm
|   |-- Y-error : nan mm
|   |-- Z-error : nan mm
|   `-- Tolerance : 1e-07 mm
|-- Distance      : 51.6457 mm
|-- XY-distance   : 51.339 mm
|-- Edge          : false
`-- Best      : false
|-- Store       : (11)
|-- Hit ID      : 0
|-- Geometry ID : [1130:0.6.5]
|-- Auxiliaries : <empty>
|-- Category      : 'foil'
|-- From          : 'first'
|-- Extrapolation : 'line'
|-- Spot          : 
|   |-- Store       : (1000)
|   |-- Hit ID      : <none>
|   |-- Geometry ID : <none>
|   |-- Auxiliaries : <empty>
|   |-- Dimension : 3
|   |-- Placement : 
|   |   |-- Number of items  = 1
|   |   |-- Valid : true
|   |   |-- Translation : (-0.125,-1579.26,438.393)
|   |   |-- Euler Angles (ZYZ): Yes
|   |   |   |-- Phi :   0 degree
|   |   |   |-- Theta : 0 degree
|   |   |   `-- Delta : 0 degree
|   |-- X-error : 1 mm
|   |-- Y-error : nan mm
|   |-- Z-error : nan mm
|   `-- Tolerance : 1e-07 mm
|-- Distance      : 185.419 mm
|-- XY-distance   : 137.745 mm
|-- Edge          : false
`-- Best      : false
|-- Store       : (11)
|-- Hit ID      : 1
|-- Geometry ID : [1302:0.0.5.5.1]
|-- Auxiliaries : <empty>
|-- Category      : 'calo'
|-- From          : 'last'
|-- Extrapolation : 'line'
|-- Spot          : 
|   |-- Store       : (1000)
|   |-- Hit ID      : <none>
|   |-- Geometry ID : <none>
|   |-- Auxiliaries : <empty>
|   |-- Dimension : 3
|   |-- Placement : 
|   |   |-- Number of items  = 1
|   |   |-- Valid : true
|   |   |-- Translation : (-435,-1069.33,-181.424)
|   |   |-- Euler Angles (ZYZ): Yes
|   |   |   |-- Phi :   0 degree
|   |   |   |-- Theta : 0 degree
|   |   |   `-- Delta : 0 degree
|   |-- X-error : 1 mm
|   |-- Y-error : nan mm
|   |-- Z-error : nan mm
|   `-- Tolerance : 1e-07 mm
|-- Distance      : 55.0384 mm
|-- XY-distance   : 40.8873 mm
|-- Edge          : false
`-- Best      : true
|-- Store       : (11)
|-- Hit ID      : 0
|-- Geometry ID : [1130:0.9.2]
|-- Auxiliaries : <empty>
|-- Category      : 'foil'
|-- From          : 'first'
|-- Extrapolation : 'line'
|-- Spot          : 
|   |-- Store       : (1000)
|   |-- Hit ID      : <none>
|   |-- Geometry ID : <none>
|   |-- Auxiliaries : <empty>
|   |-- Dimension : 3
|   |-- Placement : 
|   |   |-- Number of items  = 1
|   |   |-- Valid : true
|   |   |-- Translation : (-0.125,-1159.28,-554.676)
|   |   |-- Euler Angles (ZYZ): Yes
|   |   |   |-- Phi :   0 degree
|   |   |   |-- Theta : 0 degree
|   |   |   `-- Delta : 0 degree
|   |-- X-error : 1 mm
|   |-- Y-error : nan mm
|   |-- Z-error : nan mm
|   `-- Tolerance : 1e-07 mm
|-- Distance      : 86.7808 mm
|-- XY-distance   : 53.8704 mm
|-- Edge          : false
`-- Best      : false
|-- Store       : (11)
|-- Hit ID      : 0
|-- Geometry ID : [1130:0.9.2]
|-- Auxiliaries : <empty>
|-- Category      : 'foil'
|-- From          : 'last'
|-- Extrapolation : 'line'
|-- Spot          : 
|   |-- Store       : (1000)
|   |-- Hit ID      : <none>
|   |-- Geometry ID : <none>
|   |-- Auxiliaries : <empty>
|   |-- Dimension : 3
|   |-- Placement : 
|   |   |-- Number of items  = 1
|   |   |-- Valid : true
|   |   |-- Translation : (-0.125,-1128.72,-554.676)
|   |   |-- Euler Angles (ZYZ): Yes
|   |   |   |-- Phi :   0 degree
|   |   |   |-- Theta : 0 degree
|   |   |   `-- Delta : 0 degree
|   |-- X-error : 1 mm
|   |-- Y-error : nan mm
|   |-- Z-error : nan mm
|   `-- Tolerance : 1e-07 mm
|-- Distance      : 86.7807 mm
|-- XY-distance   : 53.8704 mm
|-- Edge          : false
`-- Best      : false
|-- Store       : (11)
|-- Hit ID      : 0
|-- Geometry ID : [1302:0.0.2.7.1]
|-- Auxiliaries : <empty>
|-- Category      : 'calo'
|-- From          : 'first'
|-- Extrapolation : 'line'
|-- Spot          : 
|   |-- Store       : (1000)
|   |-- Hit ID      : <none>
|   |-- Geometry ID : <none>
|   |-- Auxiliaries : <empty>
|   |-- Dimension : 3
|   |-- Placement : 
|   |   |-- Number of items  = 1
|   |   |-- Valid : true
|   |   |-- Translation : (-435,-1866.18,268.186)
|   |   |-- Euler Angles (ZYZ): Yes
|   |   |   |-- Phi :   0 degree
|   |   |   |-- Theta : 0 degree
|   |   |   `-- Delta : 0 degree
|   |-- X-error : 1 mm
|   |-- Y-error : nan mm
|   |-- Z-error : nan mm
|   `-- Tolerance : 1e-07 mm
|-- Distance      : 86.5257 mm
|-- XY-distance   : 75.7329 mm
|-- Edge          : false
`-- Best      : true
|-- Store       : (11)
|-- Hit ID      : 0
|-- Geometry ID : [1302:0.0.2.7.1]
|-- Auxiliaries : <empty>
|-- Category      : 'calo'
|-- From          : 'first'
|-- Extrapolation : 'line'
|-- Spot          : 
|   |-- Store       : (1000)
|   |-- Hit ID      : <none>
|   |-- Geometry ID : <none>
|   |-- Auxiliaries : <empty>
|   |-- Dimension : 3
|   |-- Placement : 
|   |   |-- Number of items  = 1
|   |   |-- Valid : true
|   |   |-- Translation : (-435,-1997.02,271.81)
|   |   |-- Euler Angles (ZYZ): Yes
|   |   |   |-- Phi :   0 degree
|   |   |   |-- Theta : 0 degree
|   |   |   `-- Delta : 0 degree
|   |-- X-error : 1 mm
|   |-- Y-error : nan mm
|   |-- Z-error : nan mm
|   `-- Tolerance : 1e-07 mm
|-- Distance      : 105.404 mm
|-- XY-distance   : 103.483 mm
|-- Edge          : false
`-- Best      : true
|-- Store       : (11)
|-- Hit ID      : 0
|-- Geometry ID : [1130:0.9.2]
|-- Auxiliaries : <empty>
|-- Category      : 'foil'
|-- From          : 'first'
|-- Extrapolation : 'line'
|-- Spot          : 
|   |-- Store       : (1000)
|   |-- Hit ID      : <none>
|   |-- Geometry ID : <none>
|   |-- Auxiliaries : <empty>
|   |-- Dimension : 3
|   |-- Placement : 
|   |   |-- Number of items  = 1
|   |   |-- Valid : true
|   |   |-- Translation : (0.125,-1141.5,-635.556)
|   |   |-- Euler Angles (ZYZ): Yes
|   |   |   |-- Phi :   0 degree
|   |   |   |-- Theta : 0 degree
|   |   |   `-- Delta : 0 degree
|   |-- X-error : 1 mm
|   |-- Y-error : nan mm
|   |-- Z-error : nan mm
|   `-- Tolerance : 1e-07 mm
|-- Distance      : 58.0803 mm
|-- XY-distance   : 52.9145 mm
|-- Edge          : false
`-- Best      : false
|-- Store       : (11)
|-- Hit ID      : 1
|-- Geometry ID : [1302:0.1.5.4.1]
|-- Auxiliaries : <empty>
|-- Category      : 'calo'
|-- From          : 'last'
|-- Extrapolation : 'line'
|-- Spot          : 
|   |-- Store       : (1000)
|   |-- Hit ID      : <none>
|   |-- Geometry ID : <none>
|   |-- Auxiliaries : <empty>
|   |-- Dimension : 3
|   |-- Placement : 
|   |   |-- Number of items  = 1
|   |   |-- Valid : true
|   |   |-- Translation : (435,-1090.17,-435.645)
|   |   |-- Euler Angles (ZYZ): Yes
|   |   |   |-- Phi :   0 degree
|   |   |   |-- Theta : 0 degree
|   |   |   `-- Delta : 0 degree
|   |-- X-error : 1 mm
|   |-- Y-error : nan mm
|   |-- Z-error : nan mm
|   `-- Tolerance : 1e-07 mm
|-- Distance      : 34.6471 mm
|-- XY-distance   : 31.5655 mm
|-- Edge          : false
`-- Best      : true
|-- Store       : (11)
|-- Hit ID      : 0
|-- Geometry ID : [1130:0.15.3]
|-- Auxiliaries : <empty>
|-- Category      : 'foil'
|-- From          : 'first'
|-- Extrapolation : 'line'
|-- Spot          : 
|   |-- Store       : (1000)
|   |-- Hit ID      : <none>
|   |-- Geometry ID : <none>
|   |-- Auxiliaries : <empty>
|   |-- Dimension : 3
|   |-- Placement : 
|   |   |-- Number of items  = 1
|   |   |-- Valid : true
|   |   |-- Translation : (0.125,-308.595,-7.9308)
|   |   |-- Euler Angles (ZYZ): Yes
|   |   |   |-- Phi :   0 degree
|   |   |   |-- Theta : 0 degree
|   |   |   `-- Delta : 0 degree
|   |-- X-error : 1 mm
|   |-- Y-error : nan mm
|   |-- Z-error : nan mm
|   `-- Tolerance : 1e-07 mm
|-- Distance      : 63.6061 mm
|-- XY-distance   : 52.715 mm
|-- Edge          : false
`-- Best      : false
|-- Store       : (11)
|-- Hit ID      : 1
|-- Geometry ID : [1302:0.1.9.7.1]
|-- Auxiliaries : <empty>
|-- Category      : 'calo'
|-- From          : 'last'
|-- Extrapolation : 'line'
|-- Spot          : 
|   |-- Store       : (1000)
|   |-- Hit ID      : <none>
|   |-- Geometry ID : <none>
|   |-- Auxiliaries : <empty>
|   |-- Dimension : 3
|   |-- Placement : 
|   |   |-- Number of items  = 1
|   |   |-- Valid : true
|   |   |-- Translation : (435,-202.209,295.904)
|   |   |-- Euler Angles (ZYZ): Yes
|   |   |   |-- Phi :   0 degree
|   |   |   |-- Theta : 0 degree
|   |   |   `-- Delta : 0 degree
|   |-- X-error : 1 mm
|   |-- Y-error : nan mm
|   |-- Z-error : nan mm
|   `-- Tolerance : 1e-07 mm
|-- Distance      : 41.7147 mm
|-- XY-distance   : 34.572 mm
|-- Edge          : false
`-- Best      : true
|-- Store       : (11)
|-- Hit ID      : 0
|-- Geometry ID : [1130:0.8.4]
|-- Auxiliaries : <empty>
|-- Category      : 'foil'
|-- From          : 'first'
|-- Extrapolation : 'line'
|-- Spot          : 
|   |-- Store       : (1000)
|   |-- Hit ID      : <none>
|   |-- Geometry ID : <none>
|   |-- Auxiliaries : <empty>
|   |-- Dimension : 3
|   |-- Placement : 
|   |   |-- Number of items  = 1
|   |   |-- Valid : true
|   |   |-- Translation : (0.125,-1271.96,284.878)
|   |   |-- Euler Angles (ZYZ): Yes
|   |   |   |-- Phi :   0 degree
|   |   |   |-- Theta : 0 degree
|   |   |   `-- Delta : 0 degree
|   |-- X-error : 1 mm
|   |-- Y-error : nan mm
|   |-- Z-error : nan mm
|   `-- Tolerance : 1e-07 mm
|-- Distance      : 126.644 mm
|-- XY-distance   : 52.6265 mm
|-- Edge          : false
`-- Best      : false
|-- Store       : (11)
|-- Hit ID      : 1
|-- Geometry ID : [1302:0.1.5.11.1]
|-- Auxiliaries : <empty>
|-- Category      : 'calo'
|-- From          : 'last'
|-- Extrapolation : 'line'
|-- Spot          : 
|   |-- Store       : (1000)
|   |-- Hit ID      : <none>
|   |-- Geometry ID : <none>
|   |-- Auxiliaries : <empty>
|   |-- Dimension : 3
|   |-- Placement : 
|   |   |-- Number of items  = 1
|   |   |-- Valid : true
|   |   |-- Translation : (435,-1202.31,1251.43)
|   |   |-- Euler Angles (ZYZ): Yes
|   |   |   |-- Phi :   0 degree
|   |   |   |-- Theta : 0 degree
|   |   |   `-- Delta : 0 degree
|   |-- X-error : 1 mm
|   |-- Y-error : nan mm
|   |-- Z-error : nan mm
|   `-- Tolerance : 1e-07 mm
|-- Distance      : 59.5669 mm
|-- XY-distance   : 24.7529 mm
|-- Edge          : false
`-- Best      : true
|-- Store       : (11)
|-- Hit ID      : 0
|-- Geometry ID : [1130:0.4.2]
|-- Auxiliaries : <empty>
|-- Category      : 'foil'
|-- From          : 'first'
|-- Extrapolation : 'line'
|-- Spot          : 
|   |-- Store       : (1000)
|   |-- Hit ID      : <none>
|   |-- Geometry ID : <none>
|   |-- Auxiliaries : <empty>
|   |-- Dimension : 3
|   |-- Placement : 
|   |   |-- Number of items  = 1
|   |   |-- Valid : true
|   |   |-- Translation : (0.125,-1881.17,-425.465)
|   |   |-- Euler Angles (ZYZ): Yes
|   |   |   |-- Phi :   0 degree
|   |   |   |-- Theta : 0 degree
|   |   |   `-- Delta : 0 degree
|   |-- X-error : 1 mm
|   |-- Y-error : nan mm
|   |-- Z-error : nan mm
|   `-- Tolerance : 1e-07 mm
|-- Distance      : 67.2373 mm
|-- XY-distance   : 60.4752 mm
|-- Edge          : false
`-- Best      : false
|-- Store       : (11)
|-- Hit ID      : 1
|-- Geometry ID : [1302:0.1.3.5.1]
|-- Auxiliaries : <empty>
|-- Category      : 'calo'
|-- From          : 'last'
|-- Extrapolation : 'line'
|-- Spot          : 
|   |-- Store       : (1000)
|   |-- Hit ID      : <none>
|   |-- Geometry ID : <none>
|   |-- Auxiliaries : <empty>
|   |-- Dimension : 3
|   |-- Placement : 
|   |   |-- Number of items  = 1
|   |   |-- Valid : true
|   |   |-- Translation : (435,-1717.7,-199.681)
|   |   |-- Euler Angles (ZYZ): Yes
|   |   |   |-- Phi :   0 degree
|   |   |   |-- Theta : 0 degree
|   |   |   `-- Delta : 0 degree
|   |-- X-error : 1 mm
|   |-- Y-error : nan mm
|   |-- Z-error : nan mm
|   `-- Tolerance : 1e-07 mm
|-- Distance      : 29.7351 mm
|-- XY-distance   : 26.7446 mm
|-- Edge          : false
`-- Best      : true
|-- Store       : (11)
|-- Hit ID      : 0
|-- Geometry ID : [1130:0.15.1]
|-- Auxiliaries : <empty>
|-- Category      : 'foil'
|-- From          : 'first'
|-- Extrapolation : 'line'
|-- Spot          : 
|   |-- Store       : (1000)
|   |-- Hit ID      : <none>
|   |-- Geometry ID : <none>
|   |-- Auxiliaries : <empty>
|   |-- Dimension : 3
|   |-- Placement : 
|   |   |-- Number of items  = 1
|   |   |-- Valid : true
|   |   |-- Translation : (-0.125,-372.059,-1010.68)
|   |   |-- Euler Angles (ZYZ): Yes
|   |   |   |-- Phi :   0 degree
|   |   |   |-- Theta : 0 degree
|   |   |   `-- Delta : 0 degree
|   |-- X-error : 1 mm
|   |-- Y-error : nan mm
|   |-- Z-error : nan mm
|   `-- Tolerance : 1e-07 mm
|-- Distance      : 58.4939 mm
|-- XY-distance   : 56.3519 mm
|-- Edge          : false
`-- Best      : false
|-- Store       : (11)
|-- Hit ID      : 1
|-- Geometry ID : [1302:0.0.8.1.1]
|-- Auxiliaries : <empty>
|-- Category      : 'calo'
|-- From          : 'last'
|-- Extrapolation : 'line'
|-- Spot          : 
|   |-- Store       : (1000)
|   |-- Hit ID      : <none>
|   |-- Geometry ID : <none>
|   |-- Auxiliaries : <empty>
|   |-- Dimension : 3
|   |-- Placement : 
|   |   |-- Number of items  = 1
|   |   |-- Valid : true
|   |   |-- Translation : (-435,-243.426,-1137.66)
|   |   |-- Euler Angles (ZYZ): Yes
|   |   |   |-- Phi :   0 degree
|   |   |   |-- Theta : 0 degree
|   |   |   `-- Delta : 0 degree
|   |-- X-error : 1 mm
|   |-- Y-error : nan mm
|   |-- Z-error : nan mm
|   `-- Tolerance : 1e-07 mm
|-- Distance      : 33.3067 mm
|-- XY-distance   : 32.0871 mm
|-- Edge          : true
`-- Best      : true
|-- Store       : (11)
|-- Hit ID      : 0
|-- Geometry ID : [1130:0.21.5]
|-- Auxiliaries : <empty>
|-- Category      : 'foil'
|-- From          : 'first'
|-- Extrapolation : 'line'
|-- Spot          : 
|   |-- Store       : (1000)
|   |-- Hit ID      : <none>
|   |-- Geometry ID : <none>
|   |-- Auxiliaries : <empty>
|   |-- Dimension : 3
|   |-- Placement : 
|   |   |-- Number of items  = 1
|   |   |-- Valid : true
|   |   |-- Translation : (-0.125,434.236,559.179)
|   |   |-- Euler Angles (ZYZ): Yes
|   |   |   |-- Phi :   0 degree
|   |   |   |-- Theta : 0 degree
|   |   |   `-- Delta : 0 degree
|   |-- X-error : 1 mm
|   |-- Y-error : nan mm
|   |-- Z-error : nan mm
|   `-- Tolerance : 1e-07 mm
|-- Distance      : 108.968 mm
|-- XY-distance   : 107.616 mm
|-- Edge          : false
`-- Best      : false
|-- Store       : (11)
|-- Hit ID      : 1
|-- Geometry ID : [1302:0.0.13.8.1]
|-- Auxiliaries : <empty>
|-- Category      : 'calo'
|-- From          : 'last'
|-- Extrapolation : 'line'
|-- Spot          : 
|   |-- Store       : (1000)
|   |-- Hit ID      : <none>
|   |-- Geometry ID : <none>
|   |-- Auxiliaries : <empty>
|   |-- Dimension : 3
|   |-- Placement : 
|   |   |-- Number of items  = 1
|   |   |-- Valid : true
|   |   |-- Translation : (-435,880.994,660.669)
|   |   |-- Euler Angles (ZYZ): Yes
|   |   |   |-- Phi :   0 degree
|   |   |   |-- Theta : 0 degree
|   |   |   `-- Delta : 0 degree
|   |-- X-error : 1 mm
|   |-- Y-error : nan mm
|   |-- Z-error : nan mm
|   `-- Tolerance : 1e-07 mm
|-- Distance      : 27.9638 mm
|-- XY-distance   : 27.6168 mm
|-- Edge          : true
`-- Best      : true
|-- Store       : (11)
|-- Hit ID      : 0
|-- Geometry ID : [1130:0.19.5]
|-- Auxiliaries : <empty>
|-- Category      : 'foil'
|-- From          : 'first'
|-- Extrapolation : 'line'
|-- Spot          : 
|   |-- Store       : (1000)
|   |-- Hit ID      : <none>
|   |-- Geometry ID : <none>
|   |-- Auxiliaries : <empty>
|   |-- Dimension : 3
|   |-- Placement : 
|   |   |-- Number of items  = 1
|   |   |-- Valid : true
|   |   |-- Translation : (0.125,158.727,460.289)
|   |   |-- Euler Angles (ZYZ): Yes
|   |   |   |-- Phi :   0 degree
|   |   |   |-- Theta : 0 degree
|   |   |   `-- Delta : 0 degree
|   |-- X-error : 1 mm
|   |-- Y-error : nan mm
|   |-- Z-error : nan mm
|   `-- Tolerance : 1e-07 mm
|-- Distance      : 53.7352 mm
|-- XY-distance   : 53.247 mm
|-- Edge          : false
`-- Best      : false
|-- Store       : (11)
|-- Hit ID      : 1
|-- Geometry ID : [1130:0.20.5]
|-- Auxiliaries : <empty>
|-- Category      : 'foil'
|-- From          : 'last'
|-- Extrapolation : 'line'
|-- Spot          : 
|   |-- Store       : (1000)
|   |-- Hit ID      : <none>
|   |-- Geometry ID : <none>
|   |-- Auxiliaries : <empty>
|   |-- Dimension : 3
|   |-- Placement : 
|   |   |-- Number of items  = 1
|   |   |-- Valid : true
|   |   |-- Translation : (0.125,329.33,492.081)
|   |   |-- Euler Angles (ZYZ): Yes
|   |   |   |-- Phi :   0 degree
|   |   |   |-- Theta : 0 degree
|   |   |   `-- Delta : 0 degree
|   |-- X-error : 1 mm
|   |-- Y-error : nan mm
|   |-- Z-error : nan mm
|   `-- Tolerance : 1e-07 mm
|-- Distance      : 55.8139 mm
|-- XY-distance   : 55.3068 mm
|-- Edge          : false
`-- Best      : false
|-- Store       : (11)
|-- Hit ID      : 0
|-- Geometry ID : [1130:0.7.3]
|-- Auxiliaries : <empty>
|-- Category      : 'foil'
|-- From          : 'first'
|-- Extrapolation : 'line'
|-- Spot          : 
|   |-- Store       : (1000)
|   |-- Hit ID      : <none>
|   |-- Geometry ID : <none>
|   |-- Auxiliaries : <empty>
|   |-- Dimension : 3
|   |-- Placement : 
|   |   |-- Number of items  = 1
|   |   |-- Valid : true
|   |   |-- Translation : (-0.125,-1418.53,-274.732)
|   |   |-- Euler Angles (ZYZ): Yes
|   |   |   |-- Phi :   0 degree
|   |   |   |-- Theta : 0 degree
|   |   |   `-- Delta : 0 degree
|   |-- X-error : 1 mm
|   |-- Y-error : nan mm
|   |-- Z-error : nan mm
|   `-- Tolerance : 1e-07 mm
|-- Distance      : 52.3816 mm
|-- XY-distance   : 52.3739 mm
|-- Edge          : false
`-- Best      : false
|-- Store       : (11)
|-- Hit ID      : 1
|-- Geometry ID : [1302:0.0.4.5.1]
|-- Auxiliaries : <empty>
|-- Category      : 'calo'
|-- From          : 'last'
|-- Extrapolation : 'line'
|-- Spot          : 
|   |-- Store       : (1000)
|   |-- Hit ID      : <none>
|   |-- Geometry ID : <none>
|   |-- Auxiliaries : <empty>
|   |-- Dimension : 3
|   |-- Placement : 
|   |   |-- Number of items  = 1
|   |   |-- Valid : true
|   |   |-- Translation : (-435,-1522.72,-282.464)
|   |   |-- Euler Angles (ZYZ): Yes
|   |   |   |-- Phi :   0 degree
|   |   |   |-- Theta : 0 degree
|   |   |   `-- Delta : 0 degree
|   |-- X-error : 1 mm
|   |-- Y-error : nan mm
|   |-- Z-error : nan mm
|   `-- Tolerance : 1e-07 mm
|-- Distance      : 38.5225 mm
|-- XY-distance   : 38.5168 mm
|-- Edge          : false
`-- Best      : true
|-- Store       : (11)
|-- Hit ID      : 0
|-- Geometry ID : [1100:0]
|-- Auxiliaries : <empty>
|-- Category      : 'reference_source_plane'
|-- From          : 'last'
|-- Extrapolation : 'line'
|-- Spot          : 
|   |-- Store       : (1000)
|   |-- Hit ID      : <none>
|   |-- Geometry ID : <none>
|   |-- Auxiliaries : <empty>
|   |-- Dimension : 3
|   |-- Placement : 
|   |   |-- Number of items  = 1
|   |   |-- Valid : true
|   |   |-- Translation : (1,-1427.89,-334.908)
|   |   |-- Euler Angles (ZYZ): Yes
|   |   |   |-- Phi :   0 degree
|   |   |   |-- Theta : 0 degree
|   |   |   `-- Delta : 0 degree
|   |-- X-error : 1 mm
|   |-- Y-error : nan mm
|   |-- Z-error : nan mm
|   `-- Tolerance : 1e-07 mm
|-- Distance      : 50.6594 mm
|-- XY-distance   : 50.6457 mm
|-- Edge          : false
`-- Best      : false
|-- Store       : (11)
|-- Hit ID      : 1
|-- Geometry ID : [1130:0.7.3]
|-- Auxiliaries : <empty>
|-- Category      : 'foil'
|-- From          : 'last'
|-- Extrapolation : 'line'
|-- Spot          : 
|   |-- Store       : (1000)
|   |-- Hit ID      : <none>
|   |-- Geometry ID : <none>
|   |-- Auxiliaries : <empty>
|   |-- Dimension : 3
|   |-- Placement : 
|   |   |-- Number of items  = 1
|   |   |-- Valid : true
|   |   |-- Translation : (0.125,-1427.11,-334.881)
|   |   |-- Euler Angles (ZYZ): Yes
|   |   |   |-- Phi :   0 degree
|   |   |   |-- Theta : 0 degree
|   |   |   `-- Delta : 0 degree
|   |-- X-error : 1 mm
|   |-- Y-error : nan mm
|   |-- Z-error : nan mm
|   `-- Tolerance : 1e-07 mm
|-- Distance      : 51.8291 mm
|-- XY-distance   : 51.8151 mm
|-- Edge          : false
`-- Best      : false
[debug:falaise::exit_code FLReconstruct::do_pipeline(const FLReconstruct::FLReconstructParams&):181] Input module is terminated
[notice:falaise::exit_code FLReconstruct::do_pipeline(const FLReconstruct::FLReconstructParams&):246] Number of processed input data records = 10
CAT::clusterizer::finalize: Ending algorithm clusterizer...
CAT::clusterizer::finalize: Initial events:  0
CAT::clusterizer::finalize: Skipped events:  0 ( -nan %)
CAT::clockable::dump: time of ' clusterizer: clusterize ' : 61.938 ms (100 %)
CAT::clockable::dump: time of ' clusterizer: is good couplet ' : 7.128 ms (11.5083 %)
CAT::clockable::dump: time of ' clusterizer: get near cells ' : 0.529 ms (0.85408 %)
CAT::clockable::dump: time of ' clusterizer: prepare event ' : 0.299 ms (0.482741 %)
CAT::clockable::dump: time of ' clusterizer: order cells ' : 0.028 ms (0.0452065 %)
CAT::clockable::dump: time of ' clusterizer: finalize ' : 0.024 ms (0.0387484 %)
CAT::clockable::dump: time of ' clusterizer: setup_clusters ' : 0.002 ms (0.00322904 %)
CAT::sequentiator::finalize: Ending algorithm sequentiator
CAT::sequentiator::finalize: Initial events:  0
CAT::sequentiator::finalize: Skipped events:  0 ( -nan %)
CAT::clockable::dump: time of ' sequentiator: sequentiate ' : 85.85 ms (100 %)
CAT::clockable::dump: time of ' sequentiator: clean up sequences ' : 27.823 ms (32.4089 %)
CAT::clockable::dump: time of ' sequentiator: make copy sequence ' : 26.342 ms (30.6838 %)
CAT::clockable::dump: time of ' sequentiator: evolve ' : 20.045 ms (23.3489 %)
CAT::clockable::dump: time of ' sequentiator: make new sequence ' : 19.793 ms (23.0553 %)
CAT::clockable::dump: time of ' sequentiator: evolve: part B ' : 18.593 ms (21.6575 %)
CAT::clockable::dump: time of ' sequentiator: make scenarios ' : 18.179 ms (21.1753 %)
CAT::clockable::dump: time of ' sequentiator: manage copy sequence ' : 16.791 ms (19.5585 %)
CAT::clockable::dump: time of ' sequentiator: pick new cell ' : 16.596 ms (19.3314 %)
CAT::clockable::dump: time of ' sequentiator: can add family ' : 12.439 ms (14.4892 %)
CAT::clockable::dump: time of ' sequentiator: can match ' : 9.626 ms (11.2126 %)
CAT::clockable::dump: time of ' sequentiator: make copy sequence: part A ' : 9.433 ms (10.9878 %)
CAT::clockable::dump: time of ' sequentiator: make copy sequence: evolve ' : 8.718 ms (10.1549 %)
CAT::clockable::dump: time of ' sequentiator: copy sequence ' : 4.836 ms (5.63308 %)
CAT::clockable::dump: time of ' sequentiator: copy scenario ' : 3.386 ms (3.94409 %)
CAT::clockable::dump: time of ' sequentiator: better scenario ' : 2.576 ms (3.00058 %)
CAT::clockable::dump: time of ' sequentiator: interpret physics ' : 2.275 ms (2.64997 %)
CAT::clockable::dump: time of ' sequentiator: evolve: part C ' : 1.357 ms (1.58066 %)
CAT::clockable::dump: time of ' sequentiator: direct out of foil ' : 1.204 ms (1.40245 %)
CAT::clockable::dump: time of ' sequentiator: set free level ' : 1.15 ms (1.33955 %)
CAT::clockable::dump: time of ' sequentiator: copy to lfn ' : 0.682 ms (0.794409 %)
CAT::clockable::dump: time of ' sequentiator: evolve: part B: noc ' : 0.412 ms (0.479907 %)
CAT::clockable::dump: time of ' sequentiator: add pair ' : 0.352 ms (0.410017 %)
CAT::clockable::dump: time of ' sequentiator: evolve: part B: set free level ' : 0.299 ms (0.348282 %)
CAT::clockable::dump: time of ' sequentiator: calculate scenario ' : 0.292 ms (0.340128 %)
CAT::clockable::dump: time of ' sequentiator: good first node ' : 0.108 ms (0.125801 %)
CAT::clockable::dump: time of ' sequentiator: make families ' : 0.057 ms (0.0663949 %)
CAT::clockable::dump: time of ' sequentiator: evolve: part A ' : 0.046 ms (0.0535818 %)
CAT::clockable::dump: time of ' sequentiator: get link index ' : 0.02 ms (0.0232964 %)
CAT::clockable::dump: time of ' sequentiator: make copy sequence: part A: beta ' : 0.007 ms (0.00815376 %)
CAT::clockable::dump: time of ' sequentiator: there is free sequence beginning with ' : 0.007 ms (0.00815376 %)
CAT::clockable::dump: time of ' sequentiator: make copy sequence: part A: alpha ' : 0.006 ms (0.00698893 %)
CAT::clockable::dump: time of ' sequentiator: direct scenarios out of foil ' : 0.004 ms (0.00465929 %)
CAT::clockable::dump: time of ' sequentiator: finalize ' : 0 ms (0 %)
CAT::clockable::dump: time of ' sequentiator: match gaps ' : 0 ms (0 %)
CAT::clockable::dump: time of ' sequentiator: sequentiation ' : 0 ms (0 %)
Error in cling::AutoLoadingVisitor::InsertIntoAutoLoadingState:
   Missing FileEntry for brio/detail/TArrayCMod.h
   requested to autoload type TArrayCMod
Error in cling::AutoLoadingVisitor::InsertIntoAutoLoadingState:
   Missing FileEntry for brio/detail/brio_record.h
   requested to autoload type brio_record
[warning:datatools::properties& datatools::multi_properties::add_impl2(const string&, const string&):534] Key 'flreconstruct' will ignore meta 'flreconstruct::section' !
[warning:datatools::properties& datatools::multi_properties::add_impl2(const string&, const string&):534] Key 'flreconstruct.variantService' will ignore meta 'flreconstruct::section' !
[warning:datatools::properties& datatools::multi_properties::add_impl2(const string&, const string&):534] Key 'flreconstruct.services' will ignore meta 'flreconstruct::section' !
[warning:datatools::properties& datatools::multi_properties::add_impl2(const string&, const string&):534] Key 'flreconstruct.pipeline' will ignore meta 'flreconstruct::section' !
[notice:void datatools::library_loader::_init():467] Automatic loading of library 'SensitivityModule'...
Warning in <TClassTable::Add>: class timespec already in TClassTable
malloc(): invalid size (unsorted)
/var/spool/slurmd/job29419768/slurm_script: line 29: 1560573 Aborted                 (core dumped) flreconstruct -i /sps/nemo/scratch/ktrofimi/Attempt/data_folder/whaa/4/reco_Tl208_1.brio -p /sps/nemo/scratch/ktrofimi/Falaise_tutorial/SensitivityModule/build/SensitivityModuleExample.conf
mv: cannot stat 'sensitivity.root': No such file or directory
Error in <TFile::TFile>: file /tmp/./sensitivity.root does not exist

 *** Break *** segmentation violation



===========================================================
There was a crash.
This is the entire stack trace of all threads:
===========================================================
#0  0x000014e1d82d89fa in wait4 () from /lib64/libc.so.6
#1  0x000014e1d824b243 in do_system () from /lib64/libc.so.6
#2  0x000014e1d8c5329c in TUnixSystem::StackTrace() () from /sps/nemo/sw/redhat-9-x86_64/snsw/opt/root-6.26.06/bin/../lib/root/libCore.so.6.26
#3  0x000014e1d8c50995 in TUnixSystem::DispatchSignals(ESignals) () from /sps/nemo/sw/redhat-9-x86_64/snsw/opt/root-6.26.06/bin/../lib/root/libCore.so.6.26
#4  <signal handler called>
#5  0x000014e1d894f0f8 in ?? ()
#6  0x3c203e203c65203a in ?? ()
#7  0x0000000000000000 in ?? ()
===========================================================


The lines below might hint at the cause of the crash.
You may get help by asking at the ROOT forum https://root.cern/forum
Only if you are really convinced it is a bug in ROOT then please submit a
report at https://root.cern/bugs Please post the ENTIRE stack trace
from above as an attachment in addition to anything else
that might help us fixing this issue.
===========================================================
#5  0x000014e1d894f0f8 in ?? ()
#6  0x3c203e203c65203a in ?? ()
#7  0x0000000000000000 in ?? ()
===========================================================


slurmstepd: error: run_script_as_user: couldn't change working dir to /sps/nemo/scratch/ktrofimi/Attempt/data_folder/whaa/$TMPDIR: No such file or directory
