slurmstepd: error: couldn't chdir to `/sps/nemo/scratch/ktrofimi/Attempt/data_folder/whaa/$TMPDIR': No such file or directory: going to /tmp instead
slurmstepd: error: couldn't chdir to `/sps/nemo/scratch/ktrofimi/Attempt/data_folder/whaa/$TMPDIR': No such file or directory: going to /tmp instead
[notice:virtual void mctools::g4::manager::_init_core():1186] Main manager settings...
[notice:void mctools::g4::manager::add_supported_output_profile(const string&, const string&):744] Output profile 'calo_details' is supported.
[notice:void mctools::g4::manager::add_supported_output_profile(const string&, const string&):744] Output profile 'tracker_details' is supported.
[notice:void mctools::g4::manager::add_supported_output_profile(const string&, const string&):744] Output profile 'source_details' is supported.
[notice:void mctools::g4::manager::add_supported_output_profile(const string&, const string&):744] Output profile 'all_details' is supported.
[notice:void mctools::g4::manager::_init_seeds():1609] Using registered seed for 'MGR' : 217534380
[notice:void mctools::g4::manager::_init_seeds():1618] Using registered seed for 'VG' : 1028755071
[notice:void mctools::g4::manager::_init_seeds():1627] Using registered seed for 'EG' : 367637302
[notice:void mctools::g4::manager::_init_seeds():1636] Using registered seed for 'SHPF' : 701753631
[notice:virtual void mctools::g4::manager::_init_prngs():1786] Setting the HepRandomEngine to 'mctools::g4::g4_prng'...
[notice:virtual void mctools::g4::manager::_init_geometry():1356] Geometry manager settings...
[notice:virtual void mctools::g4::manager::_init_geometry():1358] Use external geometry manager...
[notice:virtual void mctools::g4::manager::_init_vertex_generator():1389] Vertex generator settings...
[notice:virtual void mctools::g4::manager::_init_event_generator():1438] Primary event generator settings...
HepRandomEngine::put called -- no effect!
[notice:virtual void mctools::g4::manager::_init_detector_construction():1478] Detector construction...
[notice:virtual void mctools::g4::manager::_init_physics_list():1492] Physics list initialization...
[notice:virtual void mctools::g4::manager::_init_run_action():1506] Run action initialization...
[notice:virtual void mctools::g4::manager::_init_event_action():1532] Event action initialization...
[notice:virtual void mctools::g4::manager::_init_primary_generator_action():1545] Primary generator action initialization...
[notice:virtual void mctools::g4::manager::_init_tracking_action():1564] Tracking action initialization...
[notice:virtual void mctools::g4::manager::_init_stepping_action():1574] Stepping action initialization...
[notice:virtual void mctools::g4::manager::_init_stacking_action():1584] Stacking action initialization...
[notice:virtual void mctools::g4::manager::initialize_impl():952] G4 kernel initialization...
[notice] SHPF: Step hit processor: 'calorimeter.hit_processor' (instantiated) :
[notice] |-- Logging priority   : fatal
[notice] |-- Name               : 'calorimeter.hit_processor'
[notice] |-- Hit category       : 'calo'
[notice] |-- Sensitive category : 'calorimeter_SD'
[notice] |-- Geometry manager   : 0x1517380
[notice] |-- Auxiliary properties : 
[notice] |   `-- Name : 'sensitive.category'
[notice] |       |-- Type  : string (scalar)
[notice] |       `-- Value : 'calorimeter_SD'
[notice] |-- Private pool : 0x2e63090
[notice] |-- Pool owner   : 0
[notice] |-- Pool         : 0x2e63090
[notice] |-- Time range : 1 (ns)
[notice] |-- Space range : 10 (mm)
[notice] |-- Mapping category : 'calorimeter_block'
[notice] |-- Mapping    : 0x1517740
[notice] |-- Categories : 0x15176d8 [54]
[notice] `-- Calorimeter block type : 1302
[notice] SHPF: Step hit processor: 'gg.hit_processor' (instantiated) :
[notice] |-- Logging priority   : fatal
[notice] |-- Name               : 'gg.hit_processor'
[notice] |-- Hit category       : 'gg'
[notice] |-- Sensitive category : 'tracker_SD'
[notice] |-- Geometry manager   : 0x1517380
[notice] |-- Auxiliary properties : 
[notice] |   `-- Name : 'sensitive.category'
[notice] |       |-- Type  : string (scalar)
[notice] |       `-- Value : 'tracker_SD'
[notice] |-- Private pool : 0
[notice] |-- Pool owner   : 0
[notice] `-- Pool         : 0
[notice] SHPF: Step hit processor: 'gveto.hit_processor' (instantiated) :
[notice] |-- Logging priority   : fatal
[notice] |-- Name               : 'gveto.hit_processor'
[notice] |-- Hit category       : 'gveto'
[notice] |-- Sensitive category : 'gveto_SD'
[notice] |-- Geometry manager   : 0x1517380
[notice] |-- Auxiliary properties : 
[notice] |   `-- Name : 'sensitive.category'
[notice] |       |-- Type  : string (scalar)
[notice] |       `-- Value : 'gveto_SD'
[notice] |-- Private pool : 0x3067e30
[notice] |-- Pool owner   : 0
[notice] |-- Pool         : 0x3067e30
[notice] |-- Time range : 1 (ns)
[notice] |-- Space range : 10 (mm)
[notice] |-- Mapping category : 'gveto_block'
[notice] |-- Mapping    : 0x1517740
[notice] |-- Categories : 0x15176d8 [54]
[notice] `-- Calorimeter block type : 1252
[notice] SHPF: Step hit processor: 'xcalorimeter.hit_processor' (instantiated) :
[notice] |-- Logging priority   : fatal
[notice] |-- Name               : 'xcalorimeter.hit_processor'
[notice] |-- Hit category       : 'xcalo'
[notice] |-- Sensitive category : 'xcalorimeter_SD'
[notice] |-- Geometry manager   : 0x1517380
[notice] |-- Auxiliary properties : 
[notice] |   `-- Name : 'sensitive.category'
[notice] |       |-- Type  : string (scalar)
[notice] |       `-- Value : 'xcalorimeter_SD'
[notice] |-- Private pool : 0x2ec1fc0
[notice] |-- Pool owner   : 0
[notice] |-- Pool         : 0x2ec1fc0
[notice] |-- Time range : 1 (ns)
[notice] |-- Space range : 10 (mm)
[notice] |-- Mapping category : 'xcalo_block'
[notice] |-- Mapping    : 0x1517740
[notice] |-- Categories : 0x15176d8 [54]
[notice] `-- Calorimeter block type : 1232
[warning:void mctools::g4::em_field_g4_stuff::initialize(const datatools::properties&):256] Using default EM field stepper for field labelled 'module'!
[warning:void mctools::g4::em_field_g4_stuff::initialize(const datatools::properties&):333] Field labelled 'module' is propagated to daughter volumes!
[notice:static void mctools::g4::manager_parameters::setup(const mctools::g4::manager_parameters&, mctools::g4::manager&):269] Simulation manager has been configured and initialized.
Error in cling::AutoLoadingVisitor::InsertIntoAutoLoadingState:
   Missing FileEntry for brio/detail/TArrayCMod.h
   requested to autoload type TArrayCMod
Error in cling::AutoLoadingVisitor::InsertIntoAutoLoadingState:
   Missing FileEntry for brio/detail/brio_record.h
   requested to autoload type brio_record
[notice:void mctools::g4::manager::run_simulation():188] Starting the simulation...
[notice:virtual void mctools::g4::manager::run_simulation_impl():1051] Entering batch mode...
[notice:virtual void mctools::g4::manager::run_simulation_impl():1063] Entering automatic mode...
[notice:virtual void mctools::g4::manager::run_simulation_impl():1099] G4 command = /run/beamOn 1000000000
HepRandomEngine::put called -- no effect!
[notice:virtual void mctools::g4::manager::run_simulation_impl():1112] Record the final PRNG internal states after the session has stopped normaly.
[notice:void mctools::g4::manager::run_simulation():190] Simulation stops !
Error in cling::AutoLoadingVisitor::InsertIntoAutoLoadingState:
   Missing FileEntry for brio/detail/TArrayCMod.h
   requested to autoload type TArrayCMod
Error in cling::AutoLoadingVisitor::InsertIntoAutoLoadingState:
   Missing FileEntry for brio/detail/brio_record.h
   requested to autoload type brio_record
[warning:datatools::properties& datatools::multi_properties::add_impl2(const string&, const string&):534] Key 'flsimulate' will ignore meta 'flsimulate::section' !
[warning:datatools::properties& datatools::multi_properties::add_impl2(const string&, const string&):534] Key 'flsimulate.simulation' will ignore meta 'flsimulate::section' !
[warning:datatools::properties& datatools::multi_properties::add_impl2(const string&, const string&):534] Key 'flsimulate.variantService' will ignore meta 'flsimulate::section' !
[warning:datatools::properties& datatools::multi_properties::add_impl2(const string&, const string&):534] Key 'flsimulate.services' will ignore meta 'flsimulate::section' !
[notice:void datatools::library_loader::_init():467] Automatic loading of library 'Falaise_CAT'...
[notice:void datatools::library_loader::_init():467] Automatic loading of library 'TrackFit'...
[notice:void datatools::library_loader::_init():467] Automatic loading of library 'Falaise_TrackFit'...
[notice:void datatools::library_loader::_init():467] Automatic loading of library 'Falaise_ChargedParticleTracking'...
[notice:void datatools::library_loader::_init():467] Automatic loading of library 'GammaTracking'...
[notice:void datatools::library_loader::_init():467] Automatic loading of library 'Falaise_GammaClustering'...
[warning:datatools::properties& datatools::multi_properties::add_impl2(const string&, const string&):534] Key 'flsimulate' will ignore meta 'flsimulate::section' !
[warning:datatools::properties& datatools::multi_properties::add_impl2(const string&, const string&):534] Key 'flsimulate.simulation' will ignore meta 'flsimulate::section' !
[warning:datatools::properties& datatools::multi_properties::add_impl2(const string&, const string&):534] Key 'flsimulate.variantService' will ignore meta 'flsimulate::section' !
[warning:datatools::properties& datatools::multi_properties::add_impl2(const string&, const string&):534] Key 'flsimulate.services' will ignore meta 'flsimulate::section' !
[debug:snreco::detail::GeigerTimePartitioner::GeigerTimePartitioner(double, bool, bool, bool):32] maxDelayedHitTimeGap  = 10 us
[debug:snreco::detail::GeigerTimePartitioner::GeigerTimePartitioner(double, bool, bool, bool):33] classifyPromptHits_   = true
[debug:snreco::detail::GeigerTimePartitioner::GeigerTimePartitioner(double, bool, bool, bool):34] classifyDelayedHits_  = true
[debug:snreco::detail::GeigerTimePartitioner::GeigerTimePartitioner(double, bool, bool, bool):35] isSplitChamber_       = true
CAT::clusterizer::initialize: Entering...
CAT::clusterizer::readDstProper: Entering...
CAT::clusterizer::readDstProper: SuperNemo kind of data
CAT::clusterizer::readDstProper: small radius 2 mm
CAT::clusterizer::readDstProper: tangent phi 20
CAT::clusterizer::readDstProper: tangent theta 160
CAT::clusterizer::readDstProper: small number 0.1 mm
CAT::clusterizer::readDstProper: quadrant angle 90
CAT::clusterizer::readDstProper: ratio 10000
CAT::clusterizer::readDstProper: compatibility distance 4
CAT::clusterizer::readDstProper: maximum chi2 3
CAT::clusterizer::readDstProper: probmin 0
CAT::clusterizer::readDstProper: first event number -1
CAT::clusterizer::readDstProper: cell pitch:  43.95 mm
CAT::clusterizer::readDstProper: verbosity print level: 2
CAT::clusterizer::readDstProper: Done.
CAT::clusterizer::initialize: Done.
CAT::sequentiator::readDstProper: SuperNemo kind of data
|-- Store       : (11)
|-- Hit ID      : 0
|-- Geometry ID : [1130:0.23.6]
|-- Auxiliaries : <empty>
|-- Category      : 'foil'
|-- From          : 'first'
|-- Extrapolation : 'line'
|-- Spot          : 
|   |-- Store       : (1000)
|   |-- Hit ID      : <none>
|   |-- Geometry ID : <none>
|   |-- Auxiliaries : <empty>
|   |-- Dimension : 3
|   |-- Placement : 
|   |   |-- Number of items  = 1
|   |   |-- Valid : 1
|   |   |-- Translation : (0.125,710.469,839.17)
|   |   |-- Euler Angles (ZYZ): Yes
|   |   |   |-- Phi :   0 degree
|   |   |   |-- Theta : 0 degree
|   |   |   `-- Delta : 0 degree
|   |-- X-error : 1 mm
|   |-- Y-error : nan mm
|   |-- Z-error : nan mm
|   `-- Tolerance : 1e-07 mm
|-- Distance      : 57.0264 mm
|-- XY-distance   : 52.607 mm
|-- Edge          : false
`-- Best      : false
|-- Store       : (11)
|-- Hit ID      : 1
|-- Geometry ID : [1302:0.1.12.8.1]
|-- Auxiliaries : <empty>
|-- Category      : 'calo'
|-- From          : 'last'
|-- Extrapolation : 'line'
|-- Spot          : 
|   |-- Store       : (1000)
|   |-- Hit ID      : <none>
|   |-- Geometry ID : <none>
|   |-- Auxiliaries : <empty>
|   |-- Dimension : 3
|   |-- Placement : 
|   |   |-- Number of items  = 1
|   |   |-- Valid : true
|   |   |-- Translation : (435,767.784,655.315)
|   |   |-- Euler Angles (ZYZ): Yes
|   |   |   |-- Phi :   0 degree
|   |   |   |-- Theta : 0 degree
|   |   |   `-- Delta : 0 degree
|   |-- X-error : 1 mm
|   |-- Y-error : nan mm
|   |-- Z-error : nan mm
|   `-- Tolerance : 1e-07 mm
|-- Distance      : 36.6129 mm
|-- XY-distance   : 33.7754 mm
|-- Edge          : true
`-- Best      : true
|-- Store       : (11)
|-- Hit ID      : 0
|-- Geometry ID : [1130:0.12.3]
|-- Auxiliaries : <empty>
|-- Category      : 'foil'
|-- From          : 'last'
|-- Extrapolation : 'helix'
|-- Spot          : 
|   |-- Store       : (1000)
|   |-- Hit ID      : <none>
|   |-- Geometry ID : <none>
|   |-- Auxiliaries : <empty>
|   |-- Dimension : 3
|   |-- Placement : 
|   |   |-- Number of items  = 1
|   |   |-- Valid : true
|   |   |-- Translation : (0.125,-700.14,-319.143)
|   |   |-- Euler Angles (ZYZ): Yes
|   |   |   |-- Phi :   0 degree
|   |   |   |-- Theta : 0 degree
|   |   |   `-- Delta : 0 degree
|   |-- X-error : 1 mm
|   |-- Y-error : nan mm
|   |-- Z-error : nan mm
|   `-- Tolerance : 1e-07 mm
|-- Distance      : 52.7595 mm
|-- XY-distance   : 52.7595 mm
|-- Edge          : false
`-- Best      : false
|-- Store       : (11)
|-- Hit ID      : 1
|-- Geometry ID : [1302:0.1.7.5.1]
|-- Auxiliaries : <empty>
|-- Category      : 'calo'
|-- From          : 'first'
|-- Extrapolation : 'line'
|-- Spot          : 
|   |-- Store       : (1000)
|   |-- Hit ID      : <none>
|   |-- Geometry ID : <none>
|   |-- Auxiliaries : <empty>
|   |-- Dimension : 3
|   |-- Placement : 
|   |   |-- Number of items  = 1
|   |   |-- Valid : true
|   |   |-- Translation : (435,-700.458,-319.3)
|   |   |-- Euler Angles (ZYZ): Yes
|   |   |   |-- Phi :   0 degree
|   |   |   |-- Theta : 0 degree
|   |   |   `-- Delta : 0 degree
|   |-- X-error : 1 mm
|   |-- Y-error : nan mm
|   |-- Z-error : nan mm
|   `-- Tolerance : 1e-07 mm
|-- Distance      : 29.8752 mm
|-- XY-distance   : 29.8752 mm
|-- Edge          : false
`-- Best      : true
|-- Store       : (11)
|-- Hit ID      : 0
|-- Geometry ID : [1130:0.12.3]
|-- Auxiliaries : <empty>
|-- Category      : 'foil'
|-- From          : 'first'
|-- Extrapolation : 'line'
|-- Spot          : 
|   |-- Store       : (1000)
|   |-- Hit ID      : <none>
|   |-- Geometry ID : <none>
|   |-- Auxiliaries : <empty>
|   |-- Dimension : 3
|   |-- Placement : 
|   |   |-- Number of items  = 1
|   |   |-- Valid : true
|   |   |-- Translation : (0.125,-708.092,-319.143)
|   |   |-- Euler Angles (ZYZ): Yes
|   |   |   |-- Phi :   0 degree
|   |   |   |-- Theta : 0 degree
|   |   |   `-- Delta : 0 degree
|   |-- X-error : 1 mm
|   |-- Y-error : nan mm
|   |-- Z-error : nan mm
|   `-- Tolerance : 1e-07 mm
|-- Distance      : 52.7528 mm
|-- XY-distance   : 52.7528 mm
|-- Edge          : false
`-- Best      : false
|-- Store       : (11)
|-- Hit ID      : 1
|-- Geometry ID : [1302:0.1.7.5.1]
|-- Auxiliaries : <empty>
|-- Category      : 'calo'
|-- From          : 'last'
|-- Extrapolation : 'line'
|-- Spot          : 
|   |-- Store       : (1000)
|   |-- Hit ID      : <none>
|   |-- Geometry ID : <none>
|   |-- Auxiliaries : <empty>
|   |-- Dimension : 3
|   |-- Placement : 
|   |   |-- Number of items  = 1
|   |   |-- Valid : true
|   |   |-- Translation : (435,-707.542,-319.3)
|   |   |-- Euler Angles (ZYZ): Yes
|   |   |   |-- Phi :   0 degree
|   |   |   |-- Theta : 0 degree
|   |   |   `-- Delta : 0 degree
|   |-- X-error : 1 mm
|   |-- Y-error : nan mm
|   |-- Z-error : nan mm
|   `-- Tolerance : 1e-07 mm
|-- Distance      : 29.8752 mm
|-- XY-distance   : 29.8752 mm
|-- Edge          : false
`-- Best      : true
|-- Store       : (11)
|-- Hit ID      : 0
|-- Geometry ID : [1100:0]
|-- Auxiliaries : <empty>
|-- Category      : 'reference_source_plane'
|-- From          : 'last'
|-- Extrapolation : 'line'
|-- Spot          : 
|   |-- Store       : (1000)
|   |-- Hit ID      : <none>
|   |-- Geometry ID : <none>
|   |-- Auxiliaries : <empty>
|   |-- Dimension : 3
|   |-- Placement : 
|   |   |-- Number of items  = 1
|   |   |-- Valid : true
|   |   |-- Translation : (1,-1343.89,854.679)
|   |   |-- Euler Angles (ZYZ): Yes
|   |   |   |-- Phi :   0 degree
|   |   |   |-- Theta : 0 degree
|   |   |   `-- Delta : 0 degree
|   |-- X-error : 1 mm
|   |-- Y-error : nan mm
|   |-- Z-error : nan mm
|   `-- Tolerance : 1e-07 mm
|-- Distance      : 74.8953 mm
|-- XY-distance   : 55.4775 mm
|-- Edge          : false
`-- Best      : false
|-- Store       : (11)
|-- Hit ID      : 1
|-- Geometry ID : [1130:0.8.6]
|-- Auxiliaries : <empty>
|-- Category      : 'foil'
|-- From          : 'last'
|-- Extrapolation : 'line'
|-- Spot          : 
|   |-- Store       : (1000)
|   |-- Hit ID      : <none>
|   |-- Geometry ID : <none>
|   |-- Auxiliaries : <empty>
|   |-- Dimension : 3
|   |-- Placement : 
|   |   |-- Number of items  = 1
|   |   |-- Valid : true
|   |   |-- Translation : (0.125,-1343.5,855.549)
|   |   |-- Euler Angles (ZYZ): Yes
|   |   |   |-- Phi :   0 degree
|   |   |   |-- Theta : 0 degree
|   |   |   `-- Delta : 0 degree
|   |-- X-error : 1 mm
|   |-- Y-error : nan mm
|   |-- Z-error : nan mm
|   `-- Tolerance : 1e-07 mm
|-- Distance      : 76.1897 mm
|-- XY-distance   : 56.4363 mm
|-- Edge          : false
`-- Best      : false
|-- Store       : (11)
|-- Hit ID      : 2
|-- Geometry ID : [1302:0.1.3.8.1]
|-- Auxiliaries : <empty>
|-- Category      : 'calo'
|-- From          : 'first'
|-- Extrapolation : 'line'
|-- Spot          : 
|   |-- Store       : (1000)
|   |-- Hit ID      : <none>
|   |-- Geometry ID : <none>
|   |-- Auxiliaries : <empty>
|   |-- Dimension : 3
|   |-- Placement : 
|   |   |-- Number of items  = 1
|   |   |-- Valid : true
|   |   |-- Translation : (435,-1538.33,423.371)
|   |   |-- Euler Angles (ZYZ): Yes
|   |   |   |-- Phi :   0 degree
|   |   |   |-- Theta : 0 degree
|   |   |   `-- Delta : 0 degree
|   |-- X-error : 1 mm
|   |-- Y-error : nan mm
|   |-- Z-error : nan mm
|   `-- Tolerance : 1e-07 mm
|-- Distance      : 35.1477 mm
|-- XY-distance   : 26.0351 mm
|-- Edge          : true
`-- Best      : true
|-- Store       : (11)
|-- Hit ID      : 0
|-- Geometry ID : [1130:0.4.1]
|-- Auxiliaries : <empty>
|-- Category      : 'foil'
|-- From          : 'first'
|-- Extrapolation : 'line'
|-- Spot          : 
|   |-- Store       : (1000)
|   |-- Hit ID      : <none>
|   |-- Geometry ID : <none>
|   |-- Auxiliaries : <empty>
|   |-- Dimension : 3
|   |-- Placement : 
|   |   |-- Number of items  = 1
|   |   |-- Valid : true
|   |   |-- Translation : (0.125,-1840.1,-912.892)
|   |   |-- Euler Angles (ZYZ): Yes
|   |   |   |-- Phi :   0 degree
|   |   |   |-- Theta : 0 degree
|   |   |   `-- Delta : 0 degree
|   |-- X-error : 1 mm
|   |-- Y-error : nan mm
|   |-- Z-error : nan mm
|   `-- Tolerance : 1e-07 mm
|-- Distance      : 54.1421 mm
|-- XY-distance   : 53.0334 mm
|-- Edge          : false
`-- Best      : false
|-- Store       : (11)
|-- Hit ID      : 1
|-- Geometry ID : [1302:0.1.2.3.1]
|-- Auxiliaries : <empty>
|-- Category      : 'calo'
|-- From          : 'last'
|-- Extrapolation : 'line'
|-- Spot          : 
|   |-- Store       : (1000)
|   |-- Hit ID      : <none>
|   |-- Geometry ID : <none>
|   |-- Auxiliaries : <empty>
|   |-- Dimension : 3
|   |-- Placement : 
|   |   |-- Number of items  = 1
|   |   |-- Valid : true
|   |   |-- Translation : (435,-1875.25,-822.402)
|   |   |-- Euler Angles (ZYZ): Yes
|   |   |   |-- Phi :   0 degree
|   |   |   |-- Theta : 0 degree
|   |   |   `-- Delta : 0 degree
|   |-- X-error : 1 mm
|   |-- Y-error : nan mm
|   |-- Z-error : nan mm
|   `-- Tolerance : 1e-07 mm
|-- Distance      : 32.6265 mm
|-- XY-distance   : 31.9584 mm
|-- Edge          : false
`-- Best      : true
|-- Store       : (11)
|-- Hit ID      : 0
|-- Geometry ID : [1130:0.24.7]
|-- Auxiliaries : <empty>
|-- Category      : 'foil'
|-- From          : 'first'
|-- Extrapolation : 'line'
|-- Spot          : 
|   |-- Store       : (1000)
|   |-- Hit ID      : <none>
|   |-- Geometry ID : <none>
|   |-- Auxiliaries : <empty>
|   |-- Dimension : 3
|   |-- Placement : 
|   |   |-- Number of items  = 1
|   |   |-- Valid : true
|   |   |-- Translation : (-0.125,942.895,1161.27)
|   |   |-- Euler Angles (ZYZ): Yes
|   |   |   |-- Phi :   0 degree
|   |   |   |-- Theta : 0 degree
|   |   |   `-- Delta : 0 degree
|   |-- X-error : 1 mm
|   |-- Y-error : nan mm
|   |-- Z-error : nan mm
|   `-- Tolerance : 1e-07 mm
|-- Distance      : 57.9935 mm
|-- XY-distance   : 53.1726 mm
|-- Edge          : false
`-- Best      : false
|-- Store       : (11)
|-- Hit ID      : 0
|-- Geometry ID : [1130:0.24.7]
|-- Auxiliaries : <empty>
|-- Category      : 'foil'
|-- From          : 'last'
|-- Extrapolation : 'line'
|-- Spot          : 
|   |-- Store       : (1000)
|   |-- Hit ID      : <none>
|   |-- Geometry ID : <none>
|   |-- Auxiliaries : <empty>
|   |-- Dimension : 3
|   |-- Placement : 
|   |   |-- Number of items  = 1
|   |   |-- Valid : true
|   |   |-- Translation : (-0.125,905.105,1161.27)
|   |   |-- Euler Angles (ZYZ): Yes
|   |   |   |-- Phi :   0 degree
|   |   |   |-- Theta : 0 degree
|   |   |   `-- Delta : 0 degree
|   |-- X-error : 1 mm
|   |-- Y-error : nan mm
|   |-- Z-error : nan mm
|   `-- Tolerance : 1e-07 mm
|-- Distance      : 57.9935 mm
|-- XY-distance   : 53.1726 mm
|-- Edge          : false
`-- Best      : false
|-- Store       : (11)
|-- Hit ID      : 0
|-- Geometry ID : [1130:0.19.5]
|-- Auxiliaries : <empty>
|-- Category      : 'foil'
|-- From          : 'first'
|-- Extrapolation : 'line'
|-- Spot          : 
|   |-- Store       : (1000)
|   |-- Hit ID      : <none>
|   |-- Geometry ID : <none>
|   |-- Auxiliaries : <empty>
|   |-- Dimension : 3
|   |-- Placement : 
|   |   |-- Number of items  = 1
|   |   |-- Valid : true
|   |   |-- Translation : (0.125,247.444,644.904)
|   |   |-- Euler Angles (ZYZ): Yes
|   |   |   |-- Phi :   0 degree
|   |   |   |-- Theta : 0 degree
|   |   |   `-- Delta : 0 degree
|   |-- X-error : 1 mm
|   |-- Y-error : nan mm
|   |-- Z-error : nan mm
|   `-- Tolerance : 1e-07 mm
|-- Distance      : 89.4474 mm
|-- XY-distance   : 88.6712 mm
|-- Edge          : false
`-- Best      : false
|-- Store       : (11)
|-- Hit ID      : 1
|-- Geometry ID : [1302:0.1.9.9.1]
|-- Auxiliaries : <empty>
|-- Category      : 'calo'
|-- From          : 'last'
|-- Extrapolation : 'line'
|-- Spot          : 
|   |-- Store       : (1000)
|   |-- Hit ID      : <none>
|   |-- Geometry ID : <none>
|   |-- Auxiliaries : <empty>
|   |-- Dimension : 3
|   |-- Placement : 
|   |   |-- Number of items  = 1
|   |   |-- Valid : true
|   |   |-- Translation : (435,-42.339,715.769)
|   |   |-- Euler Angles (ZYZ): Yes
|   |   |   |-- Phi :   0 degree
|   |   |   |-- Theta : 0 degree
|   |   |   `-- Delta : 0 degree
|   |-- X-error : 1 mm
|   |-- Y-error : nan mm
|   |-- Z-error : nan mm
|   `-- Tolerance : 1e-07 mm
|-- Distance      : 28.9945 mm
|-- XY-distance   : 28.7429 mm
|-- Edge          : false
`-- Best      : true
|-- Store       : (11)
|-- Hit ID      : 0
|-- Geometry ID : [1130:0.31.0]
|-- Auxiliaries : <empty>
|-- Category      : 'foil'
|-- From          : 'first'
|-- Extrapolation : 'line'
|-- Spot          : 
|   |-- Store       : (1000)
|   |-- Hit ID      : <none>
|   |-- Geometry ID : <none>
|   |-- Auxiliaries : <empty>
|   |-- Dimension : 3
|   |-- Placement : 
|   |   |-- Number of items  = 1
|   |   |-- Valid : true
|   |   |-- Translation : (0.125,1927.08,-1156.3)
|   |   |-- Euler Angles (ZYZ): Yes
|   |   |   |-- Phi :   0 degree
|   |   |   |-- Theta : 0 degree
|   |   |   `-- Delta : 0 degree
|   |-- X-error : 1 mm
|   |-- Y-error : nan mm
|   |-- Z-error : nan mm
|   `-- Tolerance : 1e-07 mm
|-- Distance      : 66.344 mm
|-- XY-distance   : 63.2429 mm
|-- Edge          : false
`-- Best      : false
|-- Store       : (11)
|-- Hit ID      : 0
|-- Geometry ID : [1302:0.1.10.10.1]
|-- Auxiliaries : <empty>
|-- Category      : 'calo'
|-- From          : 'first'
|-- Extrapolation : 'line'
|-- Spot          : 
|   |-- Store       : (1000)
|   |-- Hit ID      : <none>
|   |-- Geometry ID : <none>
|   |-- Auxiliaries : <empty>
|   |-- Dimension : 3
|   |-- Placement : 
|   |   |-- Number of items  = 1
|   |   |-- Valid : true
|   |   |-- Translation : (435,195.996,1161.03)
|   |   |-- Euler Angles (ZYZ): Yes
|   |   |   |-- Phi :   0 degree
|   |   |   |-- Theta : 0 degree
|   |   |   `-- Delta : 0 degree
|   |-- X-error : 1 mm
|   |-- Y-error : nan mm
|   |-- Z-error : nan mm
|   `-- Tolerance : 1e-07 mm
|-- Distance      : 41.0033 mm
|-- XY-distance   : 34.4331 mm
|-- Edge          : true
`-- Best      : true
|-- Store       : (11)
|-- Hit ID      : 0
|-- Geometry ID : [1130:0.16.5]
|-- Auxiliaries : <empty>
|-- Category      : 'foil'
|-- From          : 'first'
|-- Extrapolation : 'line'
|-- Spot          : 
|   |-- Store       : (1000)
|   |-- Hit ID      : <none>
|   |-- Geometry ID : <none>
|   |-- Auxiliaries : <empty>
|   |-- Dimension : 3
|   |-- Placement : 
|   |   |-- Number of items  = 1
|   |   |-- Valid : true
|   |   |-- Translation : (0.125,-209.059,520.974)
|   |   |-- Euler Angles (ZYZ): Yes
|   |   |   |-- Phi :   0 degree
|   |   |   |-- Theta : 0 degree
|   |   |   `-- Delta : 0 degree
|   |-- X-error : 1 mm
|   |-- Y-error : nan mm
|   |-- Z-error : nan mm
|   `-- Tolerance : 1e-07 mm
|-- Distance      : 74.4149 mm
|-- XY-distance   : 53.0214 mm
|-- Edge          : false
`-- Best      : false
|-- Store       : (11)
|-- Hit ID      : 1
|-- Geometry ID : [1302:0.1.10.10.1]
|-- Auxiliaries : <empty>
|-- Category      : 'calo'
|-- From          : 'last'
|-- Extrapolation : 'line'
|-- Spot          : 
|   |-- Store       : (1000)
|   |-- Hit ID      : <none>
|   |-- Geometry ID : <none>
|   |-- Auxiliaries : <empty>
|   |-- Dimension : 3
|   |-- Placement : 
|   |   |-- Number of items  = 1
|   |   |-- Valid : true
|   |   |-- Translation : (435,172.167,1161.31)
|   |   |-- Euler Angles (ZYZ): Yes
|   |   |   |-- Phi :   0 degree
|   |   |   |-- Theta : 0 degree
|   |   |   `-- Delta : 0 degree
|   |-- X-error : 1 mm
|   |-- Y-error : nan mm
|   |-- Z-error : nan mm
|   `-- Tolerance : 1e-07 mm
|-- Distance      : 124.061 mm
|-- XY-distance   : 88.3948 mm
|-- Edge          : true
`-- Best      : true
[debug:falaise::exit_code FLReconstruct::do_pipeline(const FLReconstruct::FLReconstructParams&):181] Input module is terminated
[notice:falaise::exit_code FLReconstruct::do_pipeline(const FLReconstruct::FLReconstructParams&):246] Number of processed input data records = 10
CAT::clusterizer::finalize: Ending algorithm clusterizer...
CAT::clusterizer::finalize: Initial events:  0
CAT::clusterizer::finalize: Skipped events:  0 ( -nan %)
CAT::clockable::dump: time of ' clusterizer: clusterize ' : 59.222 ms (100 %)
CAT::clockable::dump: time of ' clusterizer: is good couplet ' : 10.988 ms (18.5539 %)
CAT::clockable::dump: time of ' clusterizer: get near cells ' : 0.721 ms (1.21745 %)
CAT::clockable::dump: time of ' clusterizer: prepare event ' : 0.416 ms (0.702442 %)
CAT::clockable::dump: time of ' clusterizer: order cells ' : 0.076 ms (0.128331 %)
CAT::clockable::dump: time of ' clusterizer: finalize ' : 0.045 ms (0.0759853 %)
CAT::clockable::dump: time of ' clusterizer: setup_clusters ' : 0.003 ms (0.00506569 %)
CAT::sequentiator::finalize: Ending algorithm sequentiator
CAT::sequentiator::finalize: Initial events:  0
CAT::sequentiator::finalize: Skipped events:  0 ( -nan %)
CAT::clockable::dump: time of ' sequentiator: sequentiate ' : 100.682 ms (100 %)
CAT::clockable::dump: time of ' sequentiator: evolve ' : 40.501 ms (40.2267 %)
CAT::clockable::dump: time of ' sequentiator: make copy sequence ' : 39.007 ms (38.7428 %)
CAT::clockable::dump: time of ' sequentiator: evolve: part B ' : 36.56 ms (36.3123 %)
CAT::clockable::dump: time of ' sequentiator: pick new cell ' : 32.735 ms (32.5133 %)
CAT::clockable::dump: time of ' sequentiator: make new sequence ' : 28.409 ms (28.2166 %)
CAT::clockable::dump: time of ' sequentiator: clean up sequences ' : 27.094 ms (26.9105 %)
CAT::clockable::dump: time of ' sequentiator: make copy sequence: part A ' : 22.662 ms (22.5085 %)
CAT::clockable::dump: time of ' sequentiator: make copy sequence: evolve ' : 20.533 ms (20.3939 %)
CAT::clockable::dump: time of ' sequentiator: manage copy sequence ' : 15.974 ms (15.8658 %)
CAT::clockable::dump: time of ' sequentiator: can match ' : 11.521 ms (11.443 %)
CAT::clockable::dump: time of ' sequentiator: make scenarios ' : 4.716 ms (4.68405 %)
CAT::clockable::dump: time of ' sequentiator: interpret physics ' : 4.012 ms (3.98482 %)
CAT::clockable::dump: time of ' sequentiator: evolve: part C ' : 3.698 ms (3.67295 %)
CAT::clockable::dump: time of ' sequentiator: set free level ' : 3.69 ms (3.665 %)
CAT::clockable::dump: time of ' sequentiator: can add family ' : 3.066 ms (3.04523 %)
CAT::clockable::dump: time of ' sequentiator: add pair ' : 3.013 ms (2.99259 %)
CAT::clockable::dump: time of ' sequentiator: direct out of foil ' : 2.924 ms (2.90419 %)
CAT::clockable::dump: time of ' sequentiator: copy to lfn ' : 2.078 ms (2.06392 %)
CAT::clockable::dump: time of ' sequentiator: copy sequence ' : 1.014 ms (1.00713 %)
CAT::clockable::dump: time of ' sequentiator: evolve: part B: set free level ' : 0.941 ms (0.934626 %)
CAT::clockable::dump: time of ' sequentiator: evolve: part B: noc ' : 0.874 ms (0.86808 %)
CAT::clockable::dump: time of ' sequentiator: copy scenario ' : 0.832 ms (0.826364 %)
CAT::clockable::dump: time of ' sequentiator: better scenario ' : 0.491 ms (0.487674 %)
CAT::clockable::dump: time of ' sequentiator: calculate scenario ' : 0.148 ms (0.146997 %)
CAT::clockable::dump: time of ' sequentiator: good first node ' : 0.145 ms (0.144018 %)
CAT::clockable::dump: time of ' sequentiator: make families ' : 0.114 ms (0.113228 %)
CAT::clockable::dump: time of ' sequentiator: evolve: part A ' : 0.097 ms (0.0963429 %)
CAT::clockable::dump: time of ' sequentiator: get link index ' : 0.058 ms (0.0576071 %)
CAT::clockable::dump: time of ' sequentiator: there is free sequence beginning with ' : 0.014 ms (0.0139052 %)
CAT::clockable::dump: time of ' sequentiator: make copy sequence: part A: alpha ' : 0.01 ms (0.00993226 %)
CAT::clockable::dump: time of ' sequentiator: make copy sequence: part A: beta ' : 0.007 ms (0.00695258 %)
CAT::clockable::dump: time of ' sequentiator: direct scenarios out of foil ' : 0.005 ms (0.00496613 %)
CAT::clockable::dump: time of ' sequentiator: finalize ' : 0.001 ms (0.000993226 %)
CAT::clockable::dump: time of ' sequentiator: match gaps ' : 0 ms (0 %)
CAT::clockable::dump: time of ' sequentiator: sequentiation ' : 0 ms (0 %)
Error in cling::AutoLoadingVisitor::InsertIntoAutoLoadingState:
   Missing FileEntry for brio/detail/TArrayCMod.h
   requested to autoload type TArrayCMod
Error in cling::AutoLoadingVisitor::InsertIntoAutoLoadingState:
   Missing FileEntry for brio/detail/brio_record.h
   requested to autoload type brio_record
[warning:datatools::properties& datatools::multi_properties::add_impl2(const string&, const string&):534] Key 'flreconstruct' will ignore meta 'flreconstruct::section' !
[warning:datatools::properties& datatools::multi_properties::add_impl2(const string&, const string&):534] Key 'flreconstruct.variantService' will ignore meta 'flreconstruct::section' !
[warning:datatools::properties& datatools::multi_properties::add_impl2(const string&, const string&):534] Key 'flreconstruct.services' will ignore meta 'flreconstruct::section' !
[warning:datatools::properties& datatools::multi_properties::add_impl2(const string&, const string&):534] Key 'flreconstruct.pipeline' will ignore meta 'flreconstruct::section' !
[notice:void datatools::library_loader::_init():467] Automatic loading of library 'SensitivityModule'...
Warning in <TClassTable::Add>: class timespec already in TClassTable
malloc(): invalid size (unsorted)
/var/spool/slurmd/job29419772/slurm_script: line 29: 3124452 Aborted                 (core dumped) flreconstruct -i /sps/nemo/scratch/ktrofimi/Attempt/data_folder/whaa/8/reco_Tl208_1.brio -p /sps/nemo/scratch/ktrofimi/Falaise_tutorial/SensitivityModule/build/SensitivityModuleExample.conf
mv: cannot stat 'sensitivity.root': No such file or directory
Error in <TFile::TFile>: file /tmp/./sensitivity.root does not exist

 *** Break *** segmentation violation



===========================================================
There was a crash.
This is the entire stack trace of all threads:
===========================================================
#0  0x000014c3c44d89fa in wait4 () from /lib64/libc.so.6
#1  0x000014c3c444b243 in do_system () from /lib64/libc.so.6
#2  0x000014c3c4f2929c in TUnixSystem::StackTrace() () from /sps/nemo/sw/redhat-9-x86_64/snsw/opt/root-6.26.06/bin/../lib/root/libCore.so.6.26
#3  0x000014c3c4f26995 in TUnixSystem::DispatchSignals(ESignals) () from /sps/nemo/sw/redhat-9-x86_64/snsw/opt/root-6.26.06/bin/../lib/root/libCore.so.6.26
#4  <signal handler called>
#5  0x000014c3c4c250f8 in ?? ()
#6  0x0000000000000000 in ?? ()
===========================================================


The lines below might hint at the cause of the crash.
You may get help by asking at the ROOT forum https://root.cern/forum
Only if you are really convinced it is a bug in ROOT then please submit a
report at https://root.cern/bugs Please post the ENTIRE stack trace
from above as an attachment in addition to anything else
that might help us fixing this issue.
===========================================================
#5  0x000014c3c4c250f8 in ?? ()
#6  0x0000000000000000 in ?? ()
===========================================================


slurmstepd: error: run_script_as_user: couldn't change working dir to /sps/nemo/scratch/ktrofimi/Attempt/data_folder/whaa/$TMPDIR: No such file or directory
